

Started GET "/" for 127.0.0.1 at 2014-05-16 10:03:05 -0700
Processing by Rails::WelcomeController#index as HTML
  Rendered /Users/nick.hanley/.rvm/gems/ruby-2.0.0-p451/gems/railties-4.1.1/lib/rails/templates/rails/welcome/index.html.erb (2.0ms)
Completed 200 OK in 14ms (Views: 6.6ms | ActiveRecord: 0.0ms)


Started GET "/" for 127.0.0.1 at 2014-05-16 10:12:25 -0700
Processing by WelcomeController#index as HTML
  Rendered welcome/index.html.erb within layouts/application (0.7ms)
Completed 200 OK in 662ms (Views: 655.3ms | ActiveRecord: 0.0ms)


Started GET "/assets/welcome.css?body=1" for 127.0.0.1 at 2014-05-16 10:12:26 -0700


Started GET "/assets/turbolinks.js?body=1" for 127.0.0.1 at 2014-05-16 10:12:26 -0700


Started GET "/assets/jquery_ujs.js?body=1" for 127.0.0.1 at 2014-05-16 10:12:26 -0700


Started GET "/assets/application.css?body=1" for 127.0.0.1 at 2014-05-16 10:12:26 -0700


Started GET "/assets/application.js?body=1" for 127.0.0.1 at 2014-05-16 10:12:26 -0700


Started GET "/assets/welcome.js?body=1" for 127.0.0.1 at 2014-05-16 10:12:26 -0700


Started GET "/assets/jquery.js?body=1" for 127.0.0.1 at 2014-05-16 10:12:26 -0700


Started GET "/" for 127.0.0.1 at 2014-05-16 10:19:10 -0700
Processing by WelcomeController#index as HTML
  Rendered welcome/index.html.erb within layouts/application (0.7ms)
Completed 200 OK in 47ms (Views: 40.2ms | ActiveRecord: 0.0ms)


Started GET "/assets/turbolinks.js?body=1" for 127.0.0.1 at 2014-05-16 10:19:11 -0700


Started GET "/assets/application.css?body=1" for 127.0.0.1 at 2014-05-16 10:19:11 -0700


Started GET "/assets/welcome.js?body=1" for 127.0.0.1 at 2014-05-16 10:19:11 -0700


Started GET "/assets/application.js?body=1" for 127.0.0.1 at 2014-05-16 10:19:11 -0700


Started GET "/assets/jquery_ujs.js?body=1" for 127.0.0.1 at 2014-05-16 10:19:11 -0700


Started GET "/assets/jquery.js?body=1" for 127.0.0.1 at 2014-05-16 10:19:11 -0700


Started GET "/assets/welcome.css?body=1" for 127.0.0.1 at 2014-05-16 10:19:11 -0700


Started GET "/articles/new" for 127.0.0.1 at 2014-05-16 10:19:15 -0700

ActionController::RoutingError (uninitialized constant ArticlesController):
  activesupport (4.1.1) lib/active_support/inflector/methods.rb:238:in `const_get'
  activesupport (4.1.1) lib/active_support/inflector/methods.rb:238:in `block in constantize'
  activesupport (4.1.1) lib/active_support/inflector/methods.rb:236:in `each'
  activesupport (4.1.1) lib/active_support/inflector/methods.rb:236:in `inject'
  activesupport (4.1.1) lib/active_support/inflector/methods.rb:236:in `constantize'
  actionpack (4.1.1) lib/action_dispatch/routing/route_set.rb:76:in `controller_reference'
  actionpack (4.1.1) lib/action_dispatch/routing/route_set.rb:66:in `controller'
  actionpack (4.1.1) lib/action_dispatch/routing/route_set.rb:44:in `call'
  actionpack (4.1.1) lib/action_dispatch/journey/router.rb:71:in `block in call'
  actionpack (4.1.1) lib/action_dispatch/journey/router.rb:59:in `each'
  actionpack (4.1.1) lib/action_dispatch/journey/router.rb:59:in `call'
  actionpack (4.1.1) lib/action_dispatch/routing/route_set.rb:676:in `call'
  rack (1.5.2) lib/rack/etag.rb:23:in `call'
  rack (1.5.2) lib/rack/conditionalget.rb:25:in `call'
  rack (1.5.2) lib/rack/head.rb:11:in `call'
  actionpack (4.1.1) lib/action_dispatch/middleware/params_parser.rb:27:in `call'
  actionpack (4.1.1) lib/action_dispatch/middleware/flash.rb:254:in `call'
  rack (1.5.2) lib/rack/session/abstract/id.rb:225:in `context'
  rack (1.5.2) lib/rack/session/abstract/id.rb:220:in `call'
  actionpack (4.1.1) lib/action_dispatch/middleware/cookies.rb:560:in `call'
  activerecord (4.1.1) lib/active_record/query_cache.rb:36:in `call'
  activerecord (4.1.1) lib/active_record/connection_adapters/abstract/connection_pool.rb:621:in `call'
  activerecord (4.1.1) lib/active_record/migration.rb:380:in `call'
  actionpack (4.1.1) lib/action_dispatch/middleware/callbacks.rb:29:in `block in call'
  activesupport (4.1.1) lib/active_support/callbacks.rb:82:in `run_callbacks'
  actionpack (4.1.1) lib/action_dispatch/middleware/callbacks.rb:27:in `call'
  actionpack (4.1.1) lib/action_dispatch/middleware/reloader.rb:73:in `call'
  actionpack (4.1.1) lib/action_dispatch/middleware/remote_ip.rb:76:in `call'
  actionpack (4.1.1) lib/action_dispatch/middleware/debug_exceptions.rb:17:in `call'
  actionpack (4.1.1) lib/action_dispatch/middleware/show_exceptions.rb:30:in `call'
  railties (4.1.1) lib/rails/rack/logger.rb:38:in `call_app'
  railties (4.1.1) lib/rails/rack/logger.rb:20:in `block in call'
  activesupport (4.1.1) lib/active_support/tagged_logging.rb:68:in `block in tagged'
  activesupport (4.1.1) lib/active_support/tagged_logging.rb:26:in `tagged'
  activesupport (4.1.1) lib/active_support/tagged_logging.rb:68:in `tagged'
  railties (4.1.1) lib/rails/rack/logger.rb:20:in `call'
  actionpack (4.1.1) lib/action_dispatch/middleware/request_id.rb:21:in `call'
  rack (1.5.2) lib/rack/methodoverride.rb:21:in `call'
  rack (1.5.2) lib/rack/runtime.rb:17:in `call'
  activesupport (4.1.1) lib/active_support/cache/strategy/local_cache_middleware.rb:26:in `call'
  rack (1.5.2) lib/rack/lock.rb:17:in `call'
  actionpack (4.1.1) lib/action_dispatch/middleware/static.rb:64:in `call'
  rack (1.5.2) lib/rack/sendfile.rb:112:in `call'
  railties (4.1.1) lib/rails/engine.rb:514:in `call'
  railties (4.1.1) lib/rails/application.rb:144:in `call'
  rack (1.5.2) lib/rack/lock.rb:17:in `call'
  rack (1.5.2) lib/rack/content_length.rb:14:in `call'
  rack (1.5.2) lib/rack/handler/webrick.rb:60:in `service'
  /Users/nick.hanley/.rvm/rubies/ruby-2.0.0-p451/lib/ruby/2.0.0/webrick/httpserver.rb:138:in `service'
  /Users/nick.hanley/.rvm/rubies/ruby-2.0.0-p451/lib/ruby/2.0.0/webrick/httpserver.rb:94:in `run'
  /Users/nick.hanley/.rvm/rubies/ruby-2.0.0-p451/lib/ruby/2.0.0/webrick/server.rb:295:in `block in start_thread'


  Rendered /Users/nick.hanley/.rvm/gems/ruby-2.0.0-p451/gems/actionpack-4.1.1/lib/action_dispatch/middleware/templates/rescues/_trace.html.erb (0.9ms)
  Rendered /Users/nick.hanley/.rvm/gems/ruby-2.0.0-p451/gems/actionpack-4.1.1/lib/action_dispatch/middleware/templates/routes/_route.html.erb (1.0ms)
  Rendered /Users/nick.hanley/.rvm/gems/ruby-2.0.0-p451/gems/actionpack-4.1.1/lib/action_dispatch/middleware/templates/routes/_table.html.erb (4.0ms)
  Rendered /Users/nick.hanley/.rvm/gems/ruby-2.0.0-p451/gems/actionpack-4.1.1/lib/action_dispatch/middleware/templates/rescues/routing_error.html.erb within rescues/layout (26.0ms)


Started GET "/articles/new" for 127.0.0.1 at 2014-05-16 10:20:52 -0700

AbstractController::ActionNotFound (The action 'new' could not be found for ArticlesController):
  actionpack (4.1.1) lib/abstract_controller/base.rb:131:in `process'
  actionview (4.1.1) lib/action_view/rendering.rb:30:in `process'
  actionpack (4.1.1) lib/action_controller/metal.rb:195:in `dispatch'
  actionpack (4.1.1) lib/action_controller/metal/rack_delegation.rb:13:in `dispatch'
  actionpack (4.1.1) lib/action_controller/metal.rb:231:in `block in action'
  actionpack (4.1.1) lib/action_dispatch/routing/route_set.rb:80:in `call'
  actionpack (4.1.1) lib/action_dispatch/routing/route_set.rb:80:in `dispatch'
  actionpack (4.1.1) lib/action_dispatch/routing/route_set.rb:48:in `call'
  actionpack (4.1.1) lib/action_dispatch/journey/router.rb:71:in `block in call'
  actionpack (4.1.1) lib/action_dispatch/journey/router.rb:59:in `each'
  actionpack (4.1.1) lib/action_dispatch/journey/router.rb:59:in `call'
  actionpack (4.1.1) lib/action_dispatch/routing/route_set.rb:676:in `call'
  rack (1.5.2) lib/rack/etag.rb:23:in `call'
  rack (1.5.2) lib/rack/conditionalget.rb:25:in `call'
  rack (1.5.2) lib/rack/head.rb:11:in `call'
  actionpack (4.1.1) lib/action_dispatch/middleware/params_parser.rb:27:in `call'
  actionpack (4.1.1) lib/action_dispatch/middleware/flash.rb:254:in `call'
  rack (1.5.2) lib/rack/session/abstract/id.rb:225:in `context'
  rack (1.5.2) lib/rack/session/abstract/id.rb:220:in `call'
  actionpack (4.1.1) lib/action_dispatch/middleware/cookies.rb:560:in `call'
  activerecord (4.1.1) lib/active_record/query_cache.rb:36:in `call'
  activerecord (4.1.1) lib/active_record/connection_adapters/abstract/connection_pool.rb:621:in `call'
  activerecord (4.1.1) lib/active_record/migration.rb:380:in `call'
  actionpack (4.1.1) lib/action_dispatch/middleware/callbacks.rb:29:in `block in call'
  activesupport (4.1.1) lib/active_support/callbacks.rb:82:in `run_callbacks'
  actionpack (4.1.1) lib/action_dispatch/middleware/callbacks.rb:27:in `call'
  actionpack (4.1.1) lib/action_dispatch/middleware/reloader.rb:73:in `call'
  actionpack (4.1.1) lib/action_dispatch/middleware/remote_ip.rb:76:in `call'
  actionpack (4.1.1) lib/action_dispatch/middleware/debug_exceptions.rb:17:in `call'
  actionpack (4.1.1) lib/action_dispatch/middleware/show_exceptions.rb:30:in `call'
  railties (4.1.1) lib/rails/rack/logger.rb:38:in `call_app'
  railties (4.1.1) lib/rails/rack/logger.rb:20:in `block in call'
  activesupport (4.1.1) lib/active_support/tagged_logging.rb:68:in `block in tagged'
  activesupport (4.1.1) lib/active_support/tagged_logging.rb:26:in `tagged'
  activesupport (4.1.1) lib/active_support/tagged_logging.rb:68:in `tagged'
  railties (4.1.1) lib/rails/rack/logger.rb:20:in `call'
  actionpack (4.1.1) lib/action_dispatch/middleware/request_id.rb:21:in `call'
  rack (1.5.2) lib/rack/methodoverride.rb:21:in `call'
  rack (1.5.2) lib/rack/runtime.rb:17:in `call'
  activesupport (4.1.1) lib/active_support/cache/strategy/local_cache_middleware.rb:26:in `call'
  rack (1.5.2) lib/rack/lock.rb:17:in `call'
  actionpack (4.1.1) lib/action_dispatch/middleware/static.rb:64:in `call'
  rack (1.5.2) lib/rack/sendfile.rb:112:in `call'
  railties (4.1.1) lib/rails/engine.rb:514:in `call'
  railties (4.1.1) lib/rails/application.rb:144:in `call'
  rack (1.5.2) lib/rack/lock.rb:17:in `call'
  rack (1.5.2) lib/rack/content_length.rb:14:in `call'
  rack (1.5.2) lib/rack/handler/webrick.rb:60:in `service'
  /Users/nick.hanley/.rvm/rubies/ruby-2.0.0-p451/lib/ruby/2.0.0/webrick/httpserver.rb:138:in `service'
  /Users/nick.hanley/.rvm/rubies/ruby-2.0.0-p451/lib/ruby/2.0.0/webrick/httpserver.rb:94:in `run'
  /Users/nick.hanley/.rvm/rubies/ruby-2.0.0-p451/lib/ruby/2.0.0/webrick/server.rb:295:in `block in start_thread'


  Rendered /Users/nick.hanley/.rvm/gems/ruby-2.0.0-p451/gems/actionpack-4.1.1/lib/action_dispatch/middleware/templates/rescues/unknown_action.html.erb within rescues/layout (0.5ms)


Started GET "/articles/new" for 127.0.0.1 at 2014-05-16 10:21:39 -0700
Processing by ArticlesController#new as HTML
Completed 500 Internal Server Error in 1ms

ActionView::MissingTemplate (Missing template articles/new, application/new with {:locale=>[:en], :formats=>[:html], :variants=>[], :handlers=>[:erb, :builder, :raw, :ruby, :jbuilder, :coffee]}. Searched in:
  * "/Users/nick.hanley/sandbox/blog/app/views"
):
  actionview (4.1.1) lib/action_view/path_set.rb:46:in `find'
  actionview (4.1.1) lib/action_view/lookup_context.rb:124:in `find'
  actionview (4.1.1) lib/action_view/renderer/abstract_renderer.rb:18:in `find_template'
  actionview (4.1.1) lib/action_view/renderer/template_renderer.rb:41:in `determine_template'
  actionview (4.1.1) lib/action_view/renderer/template_renderer.rb:8:in `render'
  actionview (4.1.1) lib/action_view/renderer/renderer.rb:42:in `render_template'
  actionview (4.1.1) lib/action_view/renderer/renderer.rb:23:in `render'
  actionview (4.1.1) lib/action_view/rendering.rb:99:in `_render_template'
  actionpack (4.1.1) lib/action_controller/metal/streaming.rb:217:in `_render_template'
  actionview (4.1.1) lib/action_view/rendering.rb:82:in `render_to_body'
  actionpack (4.1.1) lib/action_controller/metal/rendering.rb:32:in `render_to_body'
  actionpack (4.1.1) lib/action_controller/metal/renderers.rb:32:in `render_to_body'
  actionpack (4.1.1) lib/abstract_controller/rendering.rb:25:in `render'
  actionpack (4.1.1) lib/action_controller/metal/rendering.rb:16:in `render'
  actionpack (4.1.1) lib/action_controller/metal/instrumentation.rb:41:in `block (2 levels) in render'
  activesupport (4.1.1) lib/active_support/core_ext/benchmark.rb:12:in `block in ms'
  /Users/nick.hanley/.rvm/rubies/ruby-2.0.0-p451/lib/ruby/2.0.0/benchmark.rb:296:in `realtime'
  activesupport (4.1.1) lib/active_support/core_ext/benchmark.rb:12:in `ms'
  actionpack (4.1.1) lib/action_controller/metal/instrumentation.rb:41:in `block in render'
  actionpack (4.1.1) lib/action_controller/metal/instrumentation.rb:84:in `cleanup_view_runtime'
  activerecord (4.1.1) lib/active_record/railties/controller_runtime.rb:25:in `cleanup_view_runtime'
  actionpack (4.1.1) lib/action_controller/metal/instrumentation.rb:40:in `render'
  actionpack (4.1.1) lib/action_controller/metal/implicit_render.rb:10:in `default_render'
  actionpack (4.1.1) lib/action_controller/metal/implicit_render.rb:5:in `send_action'
  actionpack (4.1.1) lib/abstract_controller/base.rb:189:in `process_action'
  actionpack (4.1.1) lib/action_controller/metal/rendering.rb:10:in `process_action'
  actionpack (4.1.1) lib/abstract_controller/callbacks.rb:20:in `block in process_action'
  activesupport (4.1.1) lib/active_support/callbacks.rb:113:in `call'
  activesupport (4.1.1) lib/active_support/callbacks.rb:113:in `call'
  activesupport (4.1.1) lib/active_support/callbacks.rb:229:in `block in halting'
  activesupport (4.1.1) lib/active_support/callbacks.rb:229:in `call'
  activesupport (4.1.1) lib/active_support/callbacks.rb:229:in `block in halting'
  activesupport (4.1.1) lib/active_support/callbacks.rb:166:in `call'
  activesupport (4.1.1) lib/active_support/callbacks.rb:166:in `block in halting'
  activesupport (4.1.1) lib/active_support/callbacks.rb:166:in `call'
  activesupport (4.1.1) lib/active_support/callbacks.rb:166:in `block in halting'
  activesupport (4.1.1) lib/active_support/callbacks.rb:166:in `call'
  activesupport (4.1.1) lib/active_support/callbacks.rb:166:in `block in halting'
  activesupport (4.1.1) lib/active_support/callbacks.rb:86:in `call'
  activesupport (4.1.1) lib/active_support/callbacks.rb:86:in `run_callbacks'
  actionpack (4.1.1) lib/abstract_controller/callbacks.rb:19:in `process_action'
  actionpack (4.1.1) lib/action_controller/metal/rescue.rb:29:in `process_action'
  actionpack (4.1.1) lib/action_controller/metal/instrumentation.rb:31:in `block in process_action'
  activesupport (4.1.1) lib/active_support/notifications.rb:159:in `block in instrument'
  activesupport (4.1.1) lib/active_support/notifications/instrumenter.rb:20:in `instrument'
  activesupport (4.1.1) lib/active_support/notifications.rb:159:in `instrument'
  actionpack (4.1.1) lib/action_controller/metal/instrumentation.rb:30:in `process_action'
  actionpack (4.1.1) lib/action_controller/metal/params_wrapper.rb:250:in `process_action'
  activerecord (4.1.1) lib/active_record/railties/controller_runtime.rb:18:in `process_action'
  actionpack (4.1.1) lib/abstract_controller/base.rb:136:in `process'
  actionview (4.1.1) lib/action_view/rendering.rb:30:in `process'
  actionpack (4.1.1) lib/action_controller/metal.rb:195:in `dispatch'
  actionpack (4.1.1) lib/action_controller/metal/rack_delegation.rb:13:in `dispatch'
  actionpack (4.1.1) lib/action_controller/metal.rb:231:in `block in action'
  actionpack (4.1.1) lib/action_dispatch/routing/route_set.rb:80:in `call'
  actionpack (4.1.1) lib/action_dispatch/routing/route_set.rb:80:in `dispatch'
  actionpack (4.1.1) lib/action_dispatch/routing/route_set.rb:48:in `call'
  actionpack (4.1.1) lib/action_dispatch/journey/router.rb:71:in `block in call'
  actionpack (4.1.1) lib/action_dispatch/journey/router.rb:59:in `each'
  actionpack (4.1.1) lib/action_dispatch/journey/router.rb:59:in `call'
  actionpack (4.1.1) lib/action_dispatch/routing/route_set.rb:676:in `call'
  rack (1.5.2) lib/rack/etag.rb:23:in `call'
  rack (1.5.2) lib/rack/conditionalget.rb:25:in `call'
  rack (1.5.2) lib/rack/head.rb:11:in `call'
  actionpack (4.1.1) lib/action_dispatch/middleware/params_parser.rb:27:in `call'
  actionpack (4.1.1) lib/action_dispatch/middleware/flash.rb:254:in `call'
  rack (1.5.2) lib/rack/session/abstract/id.rb:225:in `context'
  rack (1.5.2) lib/rack/session/abstract/id.rb:220:in `call'
  actionpack (4.1.1) lib/action_dispatch/middleware/cookies.rb:560:in `call'
  activerecord (4.1.1) lib/active_record/query_cache.rb:36:in `call'
  activerecord (4.1.1) lib/active_record/connection_adapters/abstract/connection_pool.rb:621:in `call'
  activerecord (4.1.1) lib/active_record/migration.rb:380:in `call'
  actionpack (4.1.1) lib/action_dispatch/middleware/callbacks.rb:29:in `block in call'
  activesupport (4.1.1) lib/active_support/callbacks.rb:82:in `run_callbacks'
  actionpack (4.1.1) lib/action_dispatch/middleware/callbacks.rb:27:in `call'
  actionpack (4.1.1) lib/action_dispatch/middleware/reloader.rb:73:in `call'
  actionpack (4.1.1) lib/action_dispatch/middleware/remote_ip.rb:76:in `call'
  actionpack (4.1.1) lib/action_dispatch/middleware/debug_exceptions.rb:17:in `call'
  actionpack (4.1.1) lib/action_dispatch/middleware/show_exceptions.rb:30:in `call'
  railties (4.1.1) lib/rails/rack/logger.rb:38:in `call_app'
  railties (4.1.1) lib/rails/rack/logger.rb:20:in `block in call'
  activesupport (4.1.1) lib/active_support/tagged_logging.rb:68:in `block in tagged'
  activesupport (4.1.1) lib/active_support/tagged_logging.rb:26:in `tagged'
  activesupport (4.1.1) lib/active_support/tagged_logging.rb:68:in `tagged'
  railties (4.1.1) lib/rails/rack/logger.rb:20:in `call'
  actionpack (4.1.1) lib/action_dispatch/middleware/request_id.rb:21:in `call'
  rack (1.5.2) lib/rack/methodoverride.rb:21:in `call'
  rack (1.5.2) lib/rack/runtime.rb:17:in `call'
  activesupport (4.1.1) lib/active_support/cache/strategy/local_cache_middleware.rb:26:in `call'
  rack (1.5.2) lib/rack/lock.rb:17:in `call'
  actionpack (4.1.1) lib/action_dispatch/middleware/static.rb:64:in `call'
  rack (1.5.2) lib/rack/sendfile.rb:112:in `call'
  railties (4.1.1) lib/rails/engine.rb:514:in `call'
  railties (4.1.1) lib/rails/application.rb:144:in `call'
  rack (1.5.2) lib/rack/lock.rb:17:in `call'
  rack (1.5.2) lib/rack/content_length.rb:14:in `call'
  rack (1.5.2) lib/rack/handler/webrick.rb:60:in `service'
  /Users/nick.hanley/.rvm/rubies/ruby-2.0.0-p451/lib/ruby/2.0.0/webrick/httpserver.rb:138:in `service'
  /Users/nick.hanley/.rvm/rubies/ruby-2.0.0-p451/lib/ruby/2.0.0/webrick/httpserver.rb:94:in `run'
  /Users/nick.hanley/.rvm/rubies/ruby-2.0.0-p451/lib/ruby/2.0.0/webrick/server.rb:295:in `block in start_thread'


  Rendered /Users/nick.hanley/.rvm/gems/ruby-2.0.0-p451/gems/actionpack-4.1.1/lib/action_dispatch/middleware/templates/rescues/missing_template.html.erb within rescues/layout (0.5ms)


Started GET "/articles/new" for 127.0.0.1 at 2014-05-16 10:25:06 -0700
Processing by ArticlesController#new as HTML
  Rendered articles/new.html.erb within layouts/application (6.6ms)
Completed 200 OK in 116ms (Views: 114.9ms | ActiveRecord: 0.0ms)


Started GET "/assets/welcome.css?body=1" for 127.0.0.1 at 2014-05-16 10:25:06 -0700


Started GET "/assets/articles.css?body=1" for 127.0.0.1 at 2014-05-16 10:25:06 -0700


Started GET "/assets/application.css?body=1" for 127.0.0.1 at 2014-05-16 10:25:06 -0700


Started GET "/assets/jquery_ujs.js?body=1" for 127.0.0.1 at 2014-05-16 10:25:06 -0700


Started GET "/assets/jquery.js?body=1" for 127.0.0.1 at 2014-05-16 10:25:06 -0700


Started GET "/assets/articles.js?body=1" for 127.0.0.1 at 2014-05-16 10:25:06 -0700


Started GET "/assets/turbolinks.js?body=1" for 127.0.0.1 at 2014-05-16 10:25:06 -0700


Started GET "/assets/welcome.js?body=1" for 127.0.0.1 at 2014-05-16 10:25:06 -0700


Started GET "/assets/application.js?body=1" for 127.0.0.1 at 2014-05-16 10:25:06 -0700


Started GET "/assets/articles.js?body=1" for 127.0.0.1 at 2014-05-16 10:28:33 -0700


Started GET "/" for 127.0.0.1 at 2014-05-16 10:38:24 -0700
Processing by WelcomeController#index as HTML
  Rendered welcome/index.html.erb within layouts/application (0.1ms)
Completed 200 OK in 4ms (Views: 3.4ms | ActiveRecord: 0.0ms)


Started GET "/assets/articles.css?body=1" for 127.0.0.1 at 2014-05-16 10:38:25 -0700


Started GET "/assets/welcome.css?body=1" for 127.0.0.1 at 2014-05-16 10:38:25 -0700


Started GET "/assets/application.css?body=1" for 127.0.0.1 at 2014-05-16 10:38:25 -0700


Started GET "/assets/jquery.js?body=1" for 127.0.0.1 at 2014-05-16 10:38:25 -0700


Started GET "/assets/jquery_ujs.js?body=1" for 127.0.0.1 at 2014-05-16 10:38:25 -0700


Started GET "/assets/turbolinks.js?body=1" for 127.0.0.1 at 2014-05-16 10:38:25 -0700


Started GET "/assets/articles.js?body=1" for 127.0.0.1 at 2014-05-16 10:38:25 -0700


Started GET "/assets/welcome.js?body=1" for 127.0.0.1 at 2014-05-16 10:38:25 -0700


Started GET "/assets/application.js?body=1" for 127.0.0.1 at 2014-05-16 10:38:25 -0700


Started POST "/articles/new" for 127.0.0.1 at 2014-05-16 10:50:48 -0700

ActionController::RoutingError (No route matches [POST] "/articles/new"):
  actionpack (4.1.1) lib/action_dispatch/middleware/debug_exceptions.rb:21:in `call'
  actionpack (4.1.1) lib/action_dispatch/middleware/show_exceptions.rb:30:in `call'
  railties (4.1.1) lib/rails/rack/logger.rb:38:in `call_app'
  railties (4.1.1) lib/rails/rack/logger.rb:20:in `block in call'
  activesupport (4.1.1) lib/active_support/tagged_logging.rb:68:in `block in tagged'
  activesupport (4.1.1) lib/active_support/tagged_logging.rb:26:in `tagged'
  activesupport (4.1.1) lib/active_support/tagged_logging.rb:68:in `tagged'
  railties (4.1.1) lib/rails/rack/logger.rb:20:in `call'
  actionpack (4.1.1) lib/action_dispatch/middleware/request_id.rb:21:in `call'
  rack (1.5.2) lib/rack/methodoverride.rb:21:in `call'
  rack (1.5.2) lib/rack/runtime.rb:17:in `call'
  activesupport (4.1.1) lib/active_support/cache/strategy/local_cache_middleware.rb:26:in `call'
  rack (1.5.2) lib/rack/lock.rb:17:in `call'
  actionpack (4.1.1) lib/action_dispatch/middleware/static.rb:64:in `call'
  rack (1.5.2) lib/rack/sendfile.rb:112:in `call'
  railties (4.1.1) lib/rails/engine.rb:514:in `call'
  railties (4.1.1) lib/rails/application.rb:144:in `call'
  rack (1.5.2) lib/rack/lock.rb:17:in `call'
  rack (1.5.2) lib/rack/content_length.rb:14:in `call'
  rack (1.5.2) lib/rack/handler/webrick.rb:60:in `service'
  /Users/nick.hanley/.rvm/rubies/ruby-2.0.0-p451/lib/ruby/2.0.0/webrick/httpserver.rb:138:in `service'
  /Users/nick.hanley/.rvm/rubies/ruby-2.0.0-p451/lib/ruby/2.0.0/webrick/httpserver.rb:94:in `run'
  /Users/nick.hanley/.rvm/rubies/ruby-2.0.0-p451/lib/ruby/2.0.0/webrick/server.rb:295:in `block in start_thread'


  Rendered /Users/nick.hanley/.rvm/gems/ruby-2.0.0-p451/gems/actionpack-4.1.1/lib/action_dispatch/middleware/templates/rescues/_trace.html.erb (0.7ms)
  Rendered /Users/nick.hanley/.rvm/gems/ruby-2.0.0-p451/gems/actionpack-4.1.1/lib/action_dispatch/middleware/templates/routes/_route.html.erb (0.8ms)
  Rendered /Users/nick.hanley/.rvm/gems/ruby-2.0.0-p451/gems/actionpack-4.1.1/lib/action_dispatch/middleware/templates/routes/_table.html.erb (0.9ms)
  Rendered /Users/nick.hanley/.rvm/gems/ruby-2.0.0-p451/gems/actionpack-4.1.1/lib/action_dispatch/middleware/templates/rescues/routing_error.html.erb within rescues/layout (14.5ms)


Started GET "/articles/new" for 127.0.0.1 at 2014-05-16 10:51:03 -0700
Processing by ArticlesController#new as HTML
  Rendered articles/new.html.erb within layouts/application (1.5ms)
Completed 200 OK in 7ms (Views: 6.3ms | ActiveRecord: 0.0ms)


Started POST "/articles" for 127.0.0.1 at 2014-05-16 10:51:10 -0700

AbstractController::ActionNotFound (The action 'create' could not be found for ArticlesController):
  actionpack (4.1.1) lib/abstract_controller/base.rb:131:in `process'
  actionview (4.1.1) lib/action_view/rendering.rb:30:in `process'
  actionpack (4.1.1) lib/action_controller/metal.rb:195:in `dispatch'
  actionpack (4.1.1) lib/action_controller/metal/rack_delegation.rb:13:in `dispatch'
  actionpack (4.1.1) lib/action_controller/metal.rb:231:in `block in action'
  actionpack (4.1.1) lib/action_dispatch/routing/route_set.rb:80:in `call'
  actionpack (4.1.1) lib/action_dispatch/routing/route_set.rb:80:in `dispatch'
  actionpack (4.1.1) lib/action_dispatch/routing/route_set.rb:48:in `call'
  actionpack (4.1.1) lib/action_dispatch/journey/router.rb:71:in `block in call'
  actionpack (4.1.1) lib/action_dispatch/journey/router.rb:59:in `each'
  actionpack (4.1.1) lib/action_dispatch/journey/router.rb:59:in `call'
  actionpack (4.1.1) lib/action_dispatch/routing/route_set.rb:676:in `call'
  rack (1.5.2) lib/rack/etag.rb:23:in `call'
  rack (1.5.2) lib/rack/conditionalget.rb:35:in `call'
  rack (1.5.2) lib/rack/head.rb:11:in `call'
  actionpack (4.1.1) lib/action_dispatch/middleware/params_parser.rb:27:in `call'
  actionpack (4.1.1) lib/action_dispatch/middleware/flash.rb:254:in `call'
  rack (1.5.2) lib/rack/session/abstract/id.rb:225:in `context'
  rack (1.5.2) lib/rack/session/abstract/id.rb:220:in `call'
  actionpack (4.1.1) lib/action_dispatch/middleware/cookies.rb:560:in `call'
  activerecord (4.1.1) lib/active_record/query_cache.rb:36:in `call'
  activerecord (4.1.1) lib/active_record/connection_adapters/abstract/connection_pool.rb:621:in `call'
  activerecord (4.1.1) lib/active_record/migration.rb:380:in `call'
  actionpack (4.1.1) lib/action_dispatch/middleware/callbacks.rb:29:in `block in call'
  activesupport (4.1.1) lib/active_support/callbacks.rb:82:in `run_callbacks'
  actionpack (4.1.1) lib/action_dispatch/middleware/callbacks.rb:27:in `call'
  actionpack (4.1.1) lib/action_dispatch/middleware/reloader.rb:73:in `call'
  actionpack (4.1.1) lib/action_dispatch/middleware/remote_ip.rb:76:in `call'
  actionpack (4.1.1) lib/action_dispatch/middleware/debug_exceptions.rb:17:in `call'
  actionpack (4.1.1) lib/action_dispatch/middleware/show_exceptions.rb:30:in `call'
  railties (4.1.1) lib/rails/rack/logger.rb:38:in `call_app'
  railties (4.1.1) lib/rails/rack/logger.rb:20:in `block in call'
  activesupport (4.1.1) lib/active_support/tagged_logging.rb:68:in `block in tagged'
  activesupport (4.1.1) lib/active_support/tagged_logging.rb:26:in `tagged'
  activesupport (4.1.1) lib/active_support/tagged_logging.rb:68:in `tagged'
  railties (4.1.1) lib/rails/rack/logger.rb:20:in `call'
  actionpack (4.1.1) lib/action_dispatch/middleware/request_id.rb:21:in `call'
  rack (1.5.2) lib/rack/methodoverride.rb:21:in `call'
  rack (1.5.2) lib/rack/runtime.rb:17:in `call'
  activesupport (4.1.1) lib/active_support/cache/strategy/local_cache_middleware.rb:26:in `call'
  rack (1.5.2) lib/rack/lock.rb:17:in `call'
  actionpack (4.1.1) lib/action_dispatch/middleware/static.rb:64:in `call'
  rack (1.5.2) lib/rack/sendfile.rb:112:in `call'
  railties (4.1.1) lib/rails/engine.rb:514:in `call'
  railties (4.1.1) lib/rails/application.rb:144:in `call'
  rack (1.5.2) lib/rack/lock.rb:17:in `call'
  rack (1.5.2) lib/rack/content_length.rb:14:in `call'
  rack (1.5.2) lib/rack/handler/webrick.rb:60:in `service'
  /Users/nick.hanley/.rvm/rubies/ruby-2.0.0-p451/lib/ruby/2.0.0/webrick/httpserver.rb:138:in `service'
  /Users/nick.hanley/.rvm/rubies/ruby-2.0.0-p451/lib/ruby/2.0.0/webrick/httpserver.rb:94:in `run'
  /Users/nick.hanley/.rvm/rubies/ruby-2.0.0-p451/lib/ruby/2.0.0/webrick/server.rb:295:in `block in start_thread'


  Rendered /Users/nick.hanley/.rvm/gems/ruby-2.0.0-p451/gems/actionpack-4.1.1/lib/action_dispatch/middleware/templates/rescues/unknown_action.html.erb within rescues/layout (0.3ms)


Started POST "/articles" for 127.0.0.1 at 2014-05-16 10:52:45 -0700
Processing by ArticlesController#create as HTML
  Parameters: {"utf8"=>"✓", "authenticity_token"=>"l92u+p1M+BE4a3ajb6PaMxbFR/0K9NFLE7UvDFmjQs4=", "article"=>{"title"=>"test", "text"=>"testing"}, "commit"=>"Save Article"}
  Rendered text template (0.0ms)
Completed 200 OK in 2ms (Views: 0.9ms | ActiveRecord: 0.0ms)
  [1m[36m (1.3ms)[0m  [1mCREATE TABLE "schema_migrations" ("version" varchar(255) NOT NULL) [0m
  [1m[35m (0.3ms)[0m  select sqlite_version(*)
  [1m[36m (0.7ms)[0m  [1mCREATE UNIQUE INDEX "unique_schema_migrations" ON "schema_migrations" ("version")[0m
  [1m[35mActiveRecord::SchemaMigration Load (0.1ms)[0m  SELECT "schema_migrations".* FROM "schema_migrations"
Migrating to CreateArticles (20140516175509)
  [1m[36m (0.0ms)[0m  [1mbegin transaction[0m
  [1m[35m (0.2ms)[0m  CREATE TABLE "articles" ("id" INTEGER PRIMARY KEY AUTOINCREMENT NOT NULL, "title" varchar(255), "text" text, "created_at" datetime, "updated_at" datetime) 
  [1m[36mSQL (0.2ms)[0m  [1mINSERT INTO "schema_migrations" ("version") VALUES (?)[0m  [["version", "20140516175509"]]
  [1m[35m (0.6ms)[0m  commit transaction
  [1m[36mActiveRecord::SchemaMigration Load (0.1ms)[0m  [1mSELECT "schema_migrations".* FROM "schema_migrations"[0m


Started POST "/articles" for 127.0.0.1 at 2014-05-16 11:02:46 -0700
  [1m[36mActiveRecord::SchemaMigration Load (0.1ms)[0m  [1mSELECT "schema_migrations".* FROM "schema_migrations"[0m
Processing by ArticlesController#create as HTML
  Parameters: {"utf8"=>"✓", "authenticity_token"=>"l92u+p1M+BE4a3ajb6PaMxbFR/0K9NFLE7UvDFmjQs4=", "article"=>{"title"=>"test", "text"=>"testing"}, "commit"=>"Save Article"}
Completed 500 Internal Server Error in 2ms

ActiveModel::ForbiddenAttributesError (ActiveModel::ForbiddenAttributesError):
  app/controllers/articles_controller.rb:6:in `create'


  Rendered /Users/nick.hanley/.rvm/gems/ruby-2.0.0-p451/gems/actionpack-4.1.1/lib/action_dispatch/middleware/templates/rescues/_source.erb (0.6ms)
  Rendered /Users/nick.hanley/.rvm/gems/ruby-2.0.0-p451/gems/actionpack-4.1.1/lib/action_dispatch/middleware/templates/rescues/_trace.html.erb (0.9ms)
  Rendered /Users/nick.hanley/.rvm/gems/ruby-2.0.0-p451/gems/actionpack-4.1.1/lib/action_dispatch/middleware/templates/rescues/_request_and_response.html.erb (1.3ms)
  Rendered /Users/nick.hanley/.rvm/gems/ruby-2.0.0-p451/gems/actionpack-4.1.1/lib/action_dispatch/middleware/templates/rescues/diagnostics.erb within rescues/layout (18.6ms)


Started POST "/articles/new" for 127.0.0.1 at 2014-05-16 11:09:28 -0700

ActionController::RoutingError (No route matches [POST] "/articles/new"):
  actionpack (4.1.1) lib/action_dispatch/middleware/debug_exceptions.rb:21:in `call'
  actionpack (4.1.1) lib/action_dispatch/middleware/show_exceptions.rb:30:in `call'
  railties (4.1.1) lib/rails/rack/logger.rb:38:in `call_app'
  railties (4.1.1) lib/rails/rack/logger.rb:20:in `block in call'
  activesupport (4.1.1) lib/active_support/tagged_logging.rb:68:in `block in tagged'
  activesupport (4.1.1) lib/active_support/tagged_logging.rb:26:in `tagged'
  activesupport (4.1.1) lib/active_support/tagged_logging.rb:68:in `tagged'
  railties (4.1.1) lib/rails/rack/logger.rb:20:in `call'
  actionpack (4.1.1) lib/action_dispatch/middleware/request_id.rb:21:in `call'
  rack (1.5.2) lib/rack/methodoverride.rb:21:in `call'
  rack (1.5.2) lib/rack/runtime.rb:17:in `call'
  activesupport (4.1.1) lib/active_support/cache/strategy/local_cache_middleware.rb:26:in `call'
  rack (1.5.2) lib/rack/lock.rb:17:in `call'
  actionpack (4.1.1) lib/action_dispatch/middleware/static.rb:64:in `call'
  rack (1.5.2) lib/rack/sendfile.rb:112:in `call'
  railties (4.1.1) lib/rails/engine.rb:514:in `call'
  railties (4.1.1) lib/rails/application.rb:144:in `call'
  rack (1.5.2) lib/rack/lock.rb:17:in `call'
  rack (1.5.2) lib/rack/content_length.rb:14:in `call'
  rack (1.5.2) lib/rack/handler/webrick.rb:60:in `service'
  /Users/nick.hanley/.rvm/rubies/ruby-2.0.0-p451/lib/ruby/2.0.0/webrick/httpserver.rb:138:in `service'
  /Users/nick.hanley/.rvm/rubies/ruby-2.0.0-p451/lib/ruby/2.0.0/webrick/httpserver.rb:94:in `run'
  /Users/nick.hanley/.rvm/rubies/ruby-2.0.0-p451/lib/ruby/2.0.0/webrick/server.rb:295:in `block in start_thread'


  Rendered /Users/nick.hanley/.rvm/gems/ruby-2.0.0-p451/gems/actionpack-4.1.1/lib/action_dispatch/middleware/templates/rescues/_trace.html.erb (0.9ms)
  Rendered /Users/nick.hanley/.rvm/gems/ruby-2.0.0-p451/gems/actionpack-4.1.1/lib/action_dispatch/middleware/templates/routes/_route.html.erb (0.8ms)
  Rendered /Users/nick.hanley/.rvm/gems/ruby-2.0.0-p451/gems/actionpack-4.1.1/lib/action_dispatch/middleware/templates/routes/_table.html.erb (0.7ms)
  Rendered /Users/nick.hanley/.rvm/gems/ruby-2.0.0-p451/gems/actionpack-4.1.1/lib/action_dispatch/middleware/templates/rescues/routing_error.html.erb within rescues/layout (15.2ms)


Started GET "/articles/new" for 127.0.0.1 at 2014-05-16 11:11:25 -0700
Processing by ArticlesController#new as HTML
  Rendered articles/new.html.erb within layouts/application (1.2ms)
Completed 200 OK in 5ms (Views: 4.5ms | ActiveRecord: 0.0ms)


Started GET "/assets/welcome.css?body=1" for 127.0.0.1 at 2014-05-16 11:11:25 -0700


Started GET "/assets/articles.css?body=1" for 127.0.0.1 at 2014-05-16 11:11:25 -0700


Started GET "/assets/application.css?body=1" for 127.0.0.1 at 2014-05-16 11:11:25 -0700


Started GET "/assets/jquery_ujs.js?body=1" for 127.0.0.1 at 2014-05-16 11:11:25 -0700


Started GET "/assets/articles.js?body=1" for 127.0.0.1 at 2014-05-16 11:11:25 -0700


Started GET "/assets/turbolinks.js?body=1" for 127.0.0.1 at 2014-05-16 11:11:25 -0700


Started GET "/assets/welcome.js?body=1" for 127.0.0.1 at 2014-05-16 11:11:25 -0700


Started GET "/assets/jquery.js?body=1" for 127.0.0.1 at 2014-05-16 11:11:25 -0700


Started GET "/assets/application.js?body=1" for 127.0.0.1 at 2014-05-16 11:11:25 -0700


Started POST "/articles" for 127.0.0.1 at 2014-05-16 11:11:37 -0700
Processing by ArticlesController#create as HTML
  Parameters: {"utf8"=>"✓", "authenticity_token"=>"l92u+p1M+BE4a3ajb6PaMxbFR/0K9NFLE7UvDFmjQs4=", "article"=>{"title"=>"testing", "text"=>"testing text"}, "commit"=>"Save Article"}
  [1m[35m (0.2ms)[0m  begin transaction
  [1m[36mSQL (0.3ms)[0m  [1mINSERT INTO "articles" ("created_at", "text", "title", "updated_at") VALUES (?, ?, ?, ?)[0m  [["created_at", "2014-05-16 18:11:37.187066"], ["text", "testing text"], ["title", "testing"], ["updated_at", "2014-05-16 18:11:37.187066"]]
  [1m[35m (0.9ms)[0m  commit transaction
Redirected to http://localhost:3000/articles/1
Completed 302 Found in 13ms (ActiveRecord: 1.8ms)


Started GET "/articles/1" for 127.0.0.1 at 2014-05-16 11:11:37 -0700
Processing by ArticlesController#show as HTML
  Parameters: {"id"=>"1"}
  [1m[36mArticle Load (0.1ms)[0m  [1mSELECT  "articles".* FROM "articles"  WHERE "articles"."id" = ? LIMIT 1[0m  [["id", 1]]
  Rendered articles/show.html.erb within layouts/application (0.4ms)
Completed 200 OK in 7ms (Views: 4.7ms | ActiveRecord: 0.1ms)


Started GET "/assets/articles.css?body=1" for 127.0.0.1 at 2014-05-16 11:11:37 -0700


Started GET "/assets/application.css?body=1" for 127.0.0.1 at 2014-05-16 11:11:37 -0700


Started GET "/assets/turbolinks.js?body=1" for 127.0.0.1 at 2014-05-16 11:11:37 -0700


Started GET "/assets/jquery_ujs.js?body=1" for 127.0.0.1 at 2014-05-16 11:11:37 -0700


Started GET "/assets/welcome.css?body=1" for 127.0.0.1 at 2014-05-16 11:11:37 -0700


Started GET "/assets/welcome.js?body=1" for 127.0.0.1 at 2014-05-16 11:11:37 -0700


Started GET "/assets/jquery.js?body=1" for 127.0.0.1 at 2014-05-16 11:11:37 -0700


Started GET "/assets/application.js?body=1" for 127.0.0.1 at 2014-05-16 11:11:37 -0700


Started GET "/articles/new" for 127.0.0.1 at 2014-05-16 11:14:50 -0700
Processing by ArticlesController#new as HTML
  Rendered articles/new.html.erb within layouts/application (0.9ms)
Completed 200 OK in 5ms (Views: 4.5ms | ActiveRecord: 0.0ms)


Started GET "/articles" for 127.0.0.1 at 2014-05-16 11:14:50 -0700
Processing by ArticlesController#index as HTML
  [1m[35mArticle Load (0.2ms)[0m  SELECT "articles".* FROM "articles"
  Rendered articles/index.html.erb within layouts/application (3.8ms)
Completed 200 OK in 9ms (Views: 6.8ms | ActiveRecord: 0.4ms)


Started GET "/assets/articles.css?body=1" for 127.0.0.1 at 2014-05-16 11:14:50 -0700


Started GET "/assets/application.css?body=1" for 127.0.0.1 at 2014-05-16 11:14:50 -0700


Started GET "/assets/welcome.css?body=1" for 127.0.0.1 at 2014-05-16 11:14:50 -0700


Started GET "/assets/turbolinks.js?body=1" for 127.0.0.1 at 2014-05-16 11:14:50 -0700


Started GET "/assets/jquery_ujs.js?body=1" for 127.0.0.1 at 2014-05-16 11:14:50 -0700


Started GET "/assets/articles.js?body=1" for 127.0.0.1 at 2014-05-16 11:14:50 -0700


Started GET "/assets/jquery.js?body=1" for 127.0.0.1 at 2014-05-16 11:14:50 -0700


Started GET "/assets/welcome.js?body=1" for 127.0.0.1 at 2014-05-16 11:14:50 -0700


Started GET "/assets/application.js?body=1" for 127.0.0.1 at 2014-05-16 11:14:50 -0700


Started GET "/articles" for 127.0.0.1 at 2014-05-16 11:14:52 -0700
Processing by ArticlesController#index as HTML
  [1m[36mArticle Load (0.1ms)[0m  [1mSELECT "articles".* FROM "articles"[0m
  Rendered articles/index.html.erb within layouts/application (0.8ms)
Completed 200 OK in 6ms (Views: 4.8ms | ActiveRecord: 0.1ms)


Started GET "/assets/articles.css?body=1" for 127.0.0.1 at 2014-05-16 11:14:52 -0700


Started GET "/assets/welcome.css?body=1" for 127.0.0.1 at 2014-05-16 11:14:52 -0700


Started GET "/assets/application.css?body=1" for 127.0.0.1 at 2014-05-16 11:14:52 -0700


Started GET "/assets/welcome.js?body=1" for 127.0.0.1 at 2014-05-16 11:14:52 -0700


Started GET "/assets/jquery_ujs.js?body=1" for 127.0.0.1 at 2014-05-16 11:14:52 -0700


Started GET "/assets/jquery.js?body=1" for 127.0.0.1 at 2014-05-16 11:14:52 -0700


Started GET "/assets/application.js?body=1" for 127.0.0.1 at 2014-05-16 11:14:52 -0700


Started GET "/assets/turbolinks.js?body=1" for 127.0.0.1 at 2014-05-16 11:14:52 -0700


Started GET "/articles/new" for 127.0.0.1 at 2014-05-16 11:15:14 -0700
Processing by ArticlesController#new as HTML
  Rendered articles/new.html.erb within layouts/application (0.9ms)
Completed 200 OK in 5ms (Views: 4.0ms | ActiveRecord: 0.0ms)


Started GET "/assets/application.css?body=1" for 127.0.0.1 at 2014-05-16 11:15:14 -0700


Started GET "/assets/articles.css?body=1" for 127.0.0.1 at 2014-05-16 11:15:14 -0700


Started GET "/assets/articles.js?body=1" for 127.0.0.1 at 2014-05-16 11:15:14 -0700


Started GET "/assets/jquery.js?body=1" for 127.0.0.1 at 2014-05-16 11:15:14 -0700


Started GET "/assets/jquery_ujs.js?body=1" for 127.0.0.1 at 2014-05-16 11:15:14 -0700


Started GET "/assets/turbolinks.js?body=1" for 127.0.0.1 at 2014-05-16 11:15:14 -0700


Started GET "/assets/welcome.js?body=1" for 127.0.0.1 at 2014-05-16 11:15:14 -0700


Started GET "/assets/welcome.css?body=1" for 127.0.0.1 at 2014-05-16 11:15:14 -0700


Started GET "/assets/application.js?body=1" for 127.0.0.1 at 2014-05-16 11:15:14 -0700


Started POST "/articles" for 127.0.0.1 at 2014-05-16 11:16:15 -0700
Processing by ArticlesController#create as HTML
  Parameters: {"utf8"=>"✓", "authenticity_token"=>"l92u+p1M+BE4a3ajb6PaMxbFR/0K9NFLE7UvDFmjQs4=", "article"=>{"title"=>"Ruby and Rails are nice", "text"=>"This seems to be going fairly well, I am beginning the journey on the path of rails -  and thats not a route joke, well, maybe it is."}, "commit"=>"Save Article"}
  [1m[35m (0.1ms)[0m  begin transaction
  [1m[36mSQL (0.3ms)[0m  [1mINSERT INTO "articles" ("created_at", "text", "title", "updated_at") VALUES (?, ?, ?, ?)[0m  [["created_at", "2014-05-16 18:16:15.083122"], ["text", "This seems to be going fairly well, I am beginning the journey on the path of rails -  and thats not a route joke, well, maybe it is."], ["title", "Ruby and Rails are nice"], ["updated_at", "2014-05-16 18:16:15.083122"]]
  [1m[35m (1.0ms)[0m  commit transaction
Redirected to http://localhost:3000/articles/2
Completed 302 Found in 4ms (ActiveRecord: 1.4ms)


Started GET "/articles/2" for 127.0.0.1 at 2014-05-16 11:16:15 -0700
Processing by ArticlesController#show as HTML
  Parameters: {"id"=>"2"}
  [1m[36mArticle Load (0.1ms)[0m  [1mSELECT  "articles".* FROM "articles"  WHERE "articles"."id" = ? LIMIT 1[0m  [["id", 2]]
  Rendered articles/show.html.erb within layouts/application (0.1ms)
Completed 200 OK in 4ms (Views: 3.4ms | ActiveRecord: 0.1ms)


Started GET "/assets/application.css?body=1" for 127.0.0.1 at 2014-05-16 11:16:15 -0700


Started GET "/assets/jquery.js?body=1" for 127.0.0.1 at 2014-05-16 11:16:15 -0700


Started GET "/assets/application.js?body=1" for 127.0.0.1 at 2014-05-16 11:16:15 -0700


Started GET "/assets/articles.js?body=1" for 127.0.0.1 at 2014-05-16 11:16:15 -0700


Started GET "/assets/welcome.js?body=1" for 127.0.0.1 at 2014-05-16 11:16:15 -0700


Started GET "/assets/jquery_ujs.js?body=1" for 127.0.0.1 at 2014-05-16 11:16:15 -0700


Started GET "/assets/turbolinks.js?body=1" for 127.0.0.1 at 2014-05-16 11:16:15 -0700


Started GET "/articles/new" for 127.0.0.1 at 2014-05-16 11:16:21 -0700
Processing by ArticlesController#new as HTML
  Rendered articles/new.html.erb within layouts/application (0.7ms)
Completed 200 OK in 4ms (Views: 3.6ms | ActiveRecord: 0.0ms)


Started GET "/assets/welcome.css?body=1" for 127.0.0.1 at 2014-05-16 11:16:21 -0700


Started GET "/assets/jquery_ujs.js?body=1" for 127.0.0.1 at 2014-05-16 11:16:21 -0700


Started GET "/assets/jquery.js?body=1" for 127.0.0.1 at 2014-05-16 11:16:21 -0700


Started GET "/assets/application.css?body=1" for 127.0.0.1 at 2014-05-16 11:16:21 -0700


Started GET "/assets/articles.js?body=1" for 127.0.0.1 at 2014-05-16 11:16:21 -0700


Started GET "/assets/turbolinks.js?body=1" for 127.0.0.1 at 2014-05-16 11:16:21 -0700


Started GET "/assets/welcome.js?body=1" for 127.0.0.1 at 2014-05-16 11:16:21 -0700


Started GET "/assets/articles.css?body=1" for 127.0.0.1 at 2014-05-16 11:16:21 -0700


Started GET "/assets/application.js?body=1" for 127.0.0.1 at 2014-05-16 11:16:21 -0700


Started GET "/articles" for 127.0.0.1 at 2014-05-16 11:16:21 -0700
Processing by ArticlesController#index as HTML
  [1m[35mArticle Load (0.1ms)[0m  SELECT "articles".* FROM "articles"
  Rendered articles/index.html.erb within layouts/application (0.5ms)
Completed 200 OK in 4ms (Views: 3.4ms | ActiveRecord: 0.1ms)


Started GET "/assets/articles.css?body=1" for 127.0.0.1 at 2014-05-16 11:16:21 -0700


Started GET "/assets/application.css?body=1" for 127.0.0.1 at 2014-05-16 11:16:21 -0700


Started GET "/assets/jquery_ujs.js?body=1" for 127.0.0.1 at 2014-05-16 11:16:21 -0700


Started GET "/assets/welcome.css?body=1" for 127.0.0.1 at 2014-05-16 11:16:21 -0700


Started GET "/assets/articles.js?body=1" for 127.0.0.1 at 2014-05-16 11:16:21 -0700


Started GET "/assets/turbolinks.js?body=1" for 127.0.0.1 at 2014-05-16 11:16:21 -0700


Started GET "/assets/welcome.js?body=1" for 127.0.0.1 at 2014-05-16 11:16:21 -0700


Started GET "/assets/jquery.js?body=1" for 127.0.0.1 at 2014-05-16 11:16:21 -0700


Started GET "/assets/application.js?body=1" for 127.0.0.1 at 2014-05-16 11:16:21 -0700


Started GET "/articles" for 127.0.0.1 at 2014-05-16 11:16:22 -0700
Processing by ArticlesController#index as HTML
  [1m[36mArticle Load (0.1ms)[0m  [1mSELECT "articles".* FROM "articles"[0m
  Rendered articles/index.html.erb within layouts/application (0.5ms)
Completed 200 OK in 4ms (Views: 3.4ms | ActiveRecord: 0.1ms)


Started GET "/assets/application.css?body=1" for 127.0.0.1 at 2014-05-16 11:16:22 -0700


Started GET "/assets/jquery.js?body=1" for 127.0.0.1 at 2014-05-16 11:16:22 -0700


Started GET "/assets/articles.js?body=1" for 127.0.0.1 at 2014-05-16 11:16:22 -0700


Started GET "/assets/jquery_ujs.js?body=1" for 127.0.0.1 at 2014-05-16 11:16:22 -0700


Started GET "/assets/turbolinks.js?body=1" for 127.0.0.1 at 2014-05-16 11:16:22 -0700


Started GET "/assets/application.js?body=1" for 127.0.0.1 at 2014-05-16 11:16:22 -0700


Started GET "/assets/welcome.js?body=1" for 127.0.0.1 at 2014-05-16 11:16:22 -0700


Started GET "/articles" for 127.0.0.1 at 2014-05-16 11:21:05 -0700
Processing by ArticlesController#index as HTML
  [1m[35mArticle Load (0.1ms)[0m  SELECT "articles".* FROM "articles"
  Rendered articles/index.html.erb within layouts/application (1.4ms)
Completed 200 OK in 5ms (Views: 4.7ms | ActiveRecord: 0.1ms)


Started GET "/assets/jquery.js?body=1" for 127.0.0.1 at 2014-05-16 11:21:05 -0700


Started GET "/assets/jquery_ujs.js?body=1" for 127.0.0.1 at 2014-05-16 11:21:05 -0700


Started GET "/assets/articles.js?body=1" for 127.0.0.1 at 2014-05-16 11:21:05 -0700


Started GET "/assets/welcome.css?body=1" for 127.0.0.1 at 2014-05-16 11:21:05 -0700


Started GET "/assets/turbolinks.js?body=1" for 127.0.0.1 at 2014-05-16 11:21:05 -0700


Started GET "/assets/application.css?body=1" for 127.0.0.1 at 2014-05-16 11:21:05 -0700


Started GET "/assets/articles.css?body=1" for 127.0.0.1 at 2014-05-16 11:21:05 -0700


Started GET "/assets/welcome.js?body=1" for 127.0.0.1 at 2014-05-16 11:21:05 -0700


Started GET "/assets/application.js?body=1" for 127.0.0.1 at 2014-05-16 11:21:05 -0700


Started GET "/articles/new" for 127.0.0.1 at 2014-05-16 11:21:09 -0700
Processing by ArticlesController#new as HTML
  Rendered articles/new.html.erb within layouts/application (2.0ms)
Completed 200 OK in 7ms (Views: 6.0ms | ActiveRecord: 0.0ms)


Started POST "/articles" for 127.0.0.1 at 2014-05-16 11:21:20 -0700
Processing by ArticlesController#create as HTML
  Parameters: {"utf8"=>"✓", "authenticity_token"=>"l92u+p1M+BE4a3ajb6PaMxbFR/0K9NFLE7UvDFmjQs4=", "article"=>{"title"=>"test 3", "text"=>"this is another article"}, "commit"=>"Save Article"}
  [1m[36m (0.1ms)[0m  [1mbegin transaction[0m
  [1m[35mSQL (0.2ms)[0m  INSERT INTO "articles" ("created_at", "text", "title", "updated_at") VALUES (?, ?, ?, ?)  [["created_at", "2014-05-16 18:21:20.141447"], ["text", "this is another article"], ["title", "test 3"], ["updated_at", "2014-05-16 18:21:20.141447"]]
  [1m[36m (1.1ms)[0m  [1mcommit transaction[0m
Redirected to http://localhost:3000/articles/3
Completed 302 Found in 5ms (ActiveRecord: 1.4ms)


Started GET "/articles/3" for 127.0.0.1 at 2014-05-16 11:21:20 -0700
Processing by ArticlesController#show as HTML
  Parameters: {"id"=>"3"}
  [1m[35mArticle Load (0.1ms)[0m  SELECT  "articles".* FROM "articles"  WHERE "articles"."id" = ? LIMIT 1  [["id", 3]]
  Rendered articles/show.html.erb within layouts/application (0.6ms)
Completed 200 OK in 5ms (Views: 3.9ms | ActiveRecord: 0.1ms)


Started GET "/assets/welcome.css?body=1" for 127.0.0.1 at 2014-05-16 11:21:20 -0700


Started GET "/assets/articles.css?body=1" for 127.0.0.1 at 2014-05-16 11:21:20 -0700


Started GET "/assets/application.css?body=1" for 127.0.0.1 at 2014-05-16 11:21:20 -0700


Started GET "/assets/turbolinks.js?body=1" for 127.0.0.1 at 2014-05-16 11:21:20 -0700


Started GET "/assets/jquery_ujs.js?body=1" for 127.0.0.1 at 2014-05-16 11:21:20 -0700


Started GET "/assets/jquery.js?body=1" for 127.0.0.1 at 2014-05-16 11:21:20 -0700


Started GET "/assets/articles.js?body=1" for 127.0.0.1 at 2014-05-16 11:21:20 -0700


Started GET "/assets/welcome.js?body=1" for 127.0.0.1 at 2014-05-16 11:21:20 -0700


Started GET "/assets/application.js?body=1" for 127.0.0.1 at 2014-05-16 11:21:20 -0700


Started GET "/articles" for 127.0.0.1 at 2014-05-16 11:21:22 -0700
Processing by ArticlesController#index as HTML
  [1m[36mArticle Load (0.1ms)[0m  [1mSELECT "articles".* FROM "articles"[0m
  Rendered articles/index.html.erb within layouts/application (1.4ms)
Completed 200 OK in 6ms (Views: 5.5ms | ActiveRecord: 0.1ms)


Started GET "/articles/new" for 127.0.0.1 at 2014-05-16 11:34:29 -0700
Processing by ArticlesController#new as HTML
  Rendered articles/new.html.erb within layouts/application (3.7ms)
Completed 200 OK in 10ms (Views: 7.3ms | ActiveRecord: 0.3ms)


Started POST "/articles" for 127.0.0.1 at 2014-05-16 11:34:39 -0700
Processing by ArticlesController#create as HTML
  Parameters: {"utf8"=>"✓", "authenticity_token"=>"l92u+p1M+BE4a3ajb6PaMxbFR/0K9NFLE7UvDFmjQs4=", "article"=>{"title"=>"", "text"=>"text, no title"}, "commit"=>"Save Article"}
  [1m[35m (0.1ms)[0m  begin transaction
  [1m[36m (0.0ms)[0m  [1mrollback transaction[0m
  Rendered articles/new.html.erb within layouts/application (2.7ms)
Completed 200 OK in 9ms (Views: 6.1ms | ActiveRecord: 0.1ms)


Started GET "/assets/articles.css?body=1" for 127.0.0.1 at 2014-05-16 11:34:39 -0700


Started GET "/assets/welcome.css?body=1" for 127.0.0.1 at 2014-05-16 11:34:39 -0700


Started GET "/assets/jquery_ujs.js?body=1" for 127.0.0.1 at 2014-05-16 11:34:39 -0700


Started GET "/assets/application.css?body=1" for 127.0.0.1 at 2014-05-16 11:34:39 -0700


Started GET "/assets/articles.js?body=1" for 127.0.0.1 at 2014-05-16 11:34:39 -0700


Started GET "/assets/jquery.js?body=1" for 127.0.0.1 at 2014-05-16 11:34:39 -0700


Started GET "/assets/turbolinks.js?body=1" for 127.0.0.1 at 2014-05-16 11:34:39 -0700


Started GET "/assets/welcome.js?body=1" for 127.0.0.1 at 2014-05-16 11:34:39 -0700


Started GET "/assets/application.js?body=1" for 127.0.0.1 at 2014-05-16 11:34:39 -0700


Started POST "/articles" for 127.0.0.1 at 2014-05-16 11:34:41 -0700
Processing by ArticlesController#create as HTML
  Parameters: {"utf8"=>"✓", "authenticity_token"=>"l92u+p1M+BE4a3ajb6PaMxbFR/0K9NFLE7UvDFmjQs4=", "article"=>{"title"=>"", "text"=>"text, no title"}, "commit"=>"Save Article"}
  [1m[35m (0.1ms)[0m  begin transaction
  [1m[36m (0.0ms)[0m  [1mrollback transaction[0m
  Rendered articles/new.html.erb within layouts/application (1.5ms)
Completed 200 OK in 9ms (Views: 6.0ms | ActiveRecord: 0.1ms)


Started GET "/assets/welcome.css?body=1" for 127.0.0.1 at 2014-05-16 11:34:41 -0700


Started GET "/assets/jquery_ujs.js?body=1" for 127.0.0.1 at 2014-05-16 11:34:41 -0700


Started GET "/assets/application.css?body=1" for 127.0.0.1 at 2014-05-16 11:34:41 -0700


Started GET "/assets/turbolinks.js?body=1" for 127.0.0.1 at 2014-05-16 11:34:41 -0700


Started GET "/assets/articles.css?body=1" for 127.0.0.1 at 2014-05-16 11:34:41 -0700


Started GET "/assets/articles.js?body=1" for 127.0.0.1 at 2014-05-16 11:34:41 -0700


Started GET "/assets/jquery.js?body=1" for 127.0.0.1 at 2014-05-16 11:34:41 -0700


Started GET "/assets/welcome.js?body=1" for 127.0.0.1 at 2014-05-16 11:34:41 -0700


Started GET "/assets/application.js?body=1" for 127.0.0.1 at 2014-05-16 11:34:41 -0700


Started POST "/articles" for 127.0.0.1 at 2014-05-16 11:37:24 -0700
Processing by ArticlesController#create as HTML
  Parameters: {"utf8"=>"✓", "authenticity_token"=>"l92u+p1M+BE4a3ajb6PaMxbFR/0K9NFLE7UvDFmjQs4=", "article"=>{"title"=>"", "text"=>"text, no title"}, "commit"=>"Save Article"}
  [1m[35m (0.1ms)[0m  begin transaction
  [1m[36m (0.1ms)[0m  [1mrollback transaction[0m
  Rendered articles/new.html.erb within layouts/application (3.7ms)
Completed 200 OK in 10ms (Views: 7.2ms | ActiveRecord: 0.1ms)


Started GET "/assets/jquery.js?body=1" for 127.0.0.1 at 2014-05-16 11:37:24 -0700


Started GET "/assets/application.css?body=1" for 127.0.0.1 at 2014-05-16 11:37:24 -0700


Started GET "/assets/articles.css?body=1" for 127.0.0.1 at 2014-05-16 11:37:24 -0700


Started GET "/assets/turbolinks.js?body=1" for 127.0.0.1 at 2014-05-16 11:37:24 -0700


Started GET "/assets/articles.js?body=1" for 127.0.0.1 at 2014-05-16 11:37:24 -0700


Started GET "/assets/jquery_ujs.js?body=1" for 127.0.0.1 at 2014-05-16 11:37:24 -0700


Started GET "/assets/welcome.css?body=1" for 127.0.0.1 at 2014-05-16 11:37:24 -0700


Started GET "/assets/welcome.js?body=1" for 127.0.0.1 at 2014-05-16 11:37:24 -0700


Started GET "/assets/application.js?body=1" for 127.0.0.1 at 2014-05-16 11:37:24 -0700


Started POST "/articles" for 127.0.0.1 at 2014-05-16 13:03:47 -0700
Processing by ArticlesController#create as HTML
  Parameters: {"utf8"=>"✓", "authenticity_token"=>"l92u+p1M+BE4a3ajb6PaMxbFR/0K9NFLE7UvDFmjQs4=", "article"=>{"title"=>"thingamobob", "text"=>"text, no title"}, "commit"=>"Save Article"}
  [1m[35m (0.1ms)[0m  begin transaction
  [1m[36mSQL (0.3ms)[0m  [1mINSERT INTO "articles" ("created_at", "text", "title", "updated_at") VALUES (?, ?, ?, ?)[0m  [["created_at", "2014-05-16 20:03:47.544635"], ["text", "text, no title"], ["title", "thingamobob"], ["updated_at", "2014-05-16 20:03:47.544635"]]
  [1m[35m (0.5ms)[0m  commit transaction
Redirected to http://localhost:3000/articles/4
Completed 302 Found in 9ms (ActiveRecord: 1.2ms)


Started GET "/articles/4" for 127.0.0.1 at 2014-05-16 13:03:47 -0700
Processing by ArticlesController#show as HTML
  Parameters: {"id"=>"4"}
  [1m[36mArticle Load (0.2ms)[0m  [1mSELECT  "articles".* FROM "articles"  WHERE "articles"."id" = ? LIMIT 1[0m  [["id", 4]]
  Rendered articles/show.html.erb within layouts/application (0.7ms)
Completed 200 OK in 6ms (Views: 4.7ms | ActiveRecord: 0.2ms)


Started GET "/assets/articles.css?body=1" for 127.0.0.1 at 2014-05-16 13:03:47 -0700


Started GET "/assets/welcome.css?body=1" for 127.0.0.1 at 2014-05-16 13:03:47 -0700


Started GET "/assets/application.css?body=1" for 127.0.0.1 at 2014-05-16 13:03:47 -0700


Started GET "/assets/jquery.js?body=1" for 127.0.0.1 at 2014-05-16 13:03:47 -0700


Started GET "/assets/jquery_ujs.js?body=1" for 127.0.0.1 at 2014-05-16 13:03:47 -0700


Started GET "/assets/articles.js?body=1" for 127.0.0.1 at 2014-05-16 13:03:47 -0700


Started GET "/assets/welcome.js?body=1" for 127.0.0.1 at 2014-05-16 13:03:47 -0700


Started GET "/assets/turbolinks.js?body=1" for 127.0.0.1 at 2014-05-16 13:03:47 -0700


Started GET "/assets/application.js?body=1" for 127.0.0.1 at 2014-05-16 13:03:47 -0700


Started GET "/articles" for 127.0.0.1 at 2014-05-16 13:03:50 -0700
Processing by ArticlesController#index as HTML
  [1m[35mArticle Load (0.1ms)[0m  SELECT "articles".* FROM "articles"
  Rendered articles/index.html.erb within layouts/application (2.2ms)
Completed 200 OK in 7ms (Views: 6.0ms | ActiveRecord: 0.1ms)


Started GET "/articles/3/edit" for 127.0.0.1 at 2014-05-16 13:04:04 -0700
Processing by ArticlesController#edit as HTML
  Parameters: {"id"=>"3"}
  [1m[36mArticle Load (0.1ms)[0m  [1mSELECT  "articles".* FROM "articles"  WHERE "articles"."id" = ? LIMIT 1[0m  [["id", 3]]
  Rendered articles/edit.html.erb within layouts/application (3.0ms)
Completed 200 OK in 9ms (Views: 7.1ms | ActiveRecord: 0.1ms)


Started PATCH "/articles/3" for 127.0.0.1 at 2014-05-16 13:04:12 -0700
Processing by ArticlesController#update as HTML
  Parameters: {"utf8"=>"✓", "authenticity_token"=>"l92u+p1M+BE4a3ajb6PaMxbFR/0K9NFLE7UvDFmjQs4=", "article"=>{"title"=>"test 4", "text"=>"this is another article"}, "commit"=>"Save Article", "id"=>"3"}
  [1m[35mArticle Load (0.1ms)[0m  SELECT  "articles".* FROM "articles"  WHERE "articles"."id" = ? LIMIT 1  [["id", 3]]
  [1m[36m (0.1ms)[0m  [1mbegin transaction[0m
  [1m[35mSQL (0.2ms)[0m  UPDATE "articles" SET "title" = ?, "updated_at" = ? WHERE "articles"."id" = 3  [["title", "test 4"], ["updated_at", "2014-05-16 20:04:12.301102"]]
  [1m[36m (0.4ms)[0m  [1mcommit transaction[0m
Redirected to http://localhost:3000/articles/3
Completed 302 Found in 5ms (ActiveRecord: 0.8ms)


Started GET "/articles/3" for 127.0.0.1 at 2014-05-16 13:04:12 -0700
Processing by ArticlesController#show as HTML
  Parameters: {"id"=>"3"}
  [1m[35mArticle Load (0.1ms)[0m  SELECT  "articles".* FROM "articles"  WHERE "articles"."id" = ? LIMIT 1  [["id", 3]]
  Rendered articles/show.html.erb within layouts/application (0.3ms)
Completed 200 OK in 6ms (Views: 4.5ms | ActiveRecord: 0.1ms)


Started GET "/assets/welcome.css?body=1" for 127.0.0.1 at 2014-05-16 13:04:12 -0700


Started GET "/assets/articles.css?body=1" for 127.0.0.1 at 2014-05-16 13:04:12 -0700


Started GET "/assets/application.css?body=1" for 127.0.0.1 at 2014-05-16 13:04:12 -0700


Started GET "/assets/jquery_ujs.js?body=1" for 127.0.0.1 at 2014-05-16 13:04:12 -0700


Started GET "/assets/turbolinks.js?body=1" for 127.0.0.1 at 2014-05-16 13:04:12 -0700


Started GET "/assets/jquery.js?body=1" for 127.0.0.1 at 2014-05-16 13:04:12 -0700


Started GET "/assets/articles.js?body=1" for 127.0.0.1 at 2014-05-16 13:04:12 -0700


Started GET "/assets/application.js?body=1" for 127.0.0.1 at 2014-05-16 13:04:12 -0700


Started GET "/assets/welcome.js?body=1" for 127.0.0.1 at 2014-05-16 13:04:12 -0700


Started GET "/articles" for 127.0.0.1 at 2014-05-16 13:04:14 -0700
Processing by ArticlesController#index as HTML
  [1m[36mArticle Load (0.2ms)[0m  [1mSELECT "articles".* FROM "articles"[0m
  Rendered articles/index.html.erb within layouts/application (1.8ms)
Completed 200 OK in 7ms (Views: 5.8ms | ActiveRecord: 0.2ms)


Started GET "/articles" for 127.0.0.1 at 2014-05-16 13:04:17 -0700
Processing by ArticlesController#index as HTML
  [1m[35mArticle Load (0.2ms)[0m  SELECT "articles".* FROM "articles"
  Rendered articles/index.html.erb within layouts/application (2.3ms)
Completed 200 OK in 7ms (Views: 5.9ms | ActiveRecord: 0.2ms)


Started GET "/assets/jquery_ujs.js?body=1" for 127.0.0.1 at 2014-05-16 13:04:17 -0700


Started GET "/assets/welcome.css?body=1" for 127.0.0.1 at 2014-05-16 13:04:17 -0700


Started GET "/assets/jquery.js?body=1" for 127.0.0.1 at 2014-05-16 13:04:17 -0700


Started GET "/assets/turbolinks.js?body=1" for 127.0.0.1 at 2014-05-16 13:04:17 -0700


Started GET "/assets/articles.css?body=1" for 127.0.0.1 at 2014-05-16 13:04:17 -0700


Started GET "/assets/articles.js?body=1" for 127.0.0.1 at 2014-05-16 13:04:17 -0700


Started GET "/assets/application.css?body=1" for 127.0.0.1 at 2014-05-16 13:04:17 -0700


Started GET "/assets/application.js?body=1" for 127.0.0.1 at 2014-05-16 13:04:17 -0700


Started GET "/assets/welcome.js?body=1" for 127.0.0.1 at 2014-05-16 13:04:17 -0700


Started GET "/articles/1" for 127.0.0.1 at 2014-05-16 13:04:27 -0700
Processing by ArticlesController#show as HTML
  Parameters: {"id"=>"1"}
  [1m[36mArticle Load (0.1ms)[0m  [1mSELECT  "articles".* FROM "articles"  WHERE "articles"."id" = ? LIMIT 1[0m  [["id", 1]]
  Rendered articles/show.html.erb within layouts/application (0.7ms)
Completed 200 OK in 6ms (Views: 5.0ms | ActiveRecord: 0.1ms)


Started GET "/articles" for 127.0.0.1 at 2014-05-16 13:04:29 -0700
Processing by ArticlesController#index as HTML
  [1m[35mArticle Load (0.1ms)[0m  SELECT "articles".* FROM "articles"
  Rendered articles/index.html.erb within layouts/application (1.5ms)
Completed 200 OK in 6ms (Views: 5.4ms | ActiveRecord: 0.1ms)


Started GET "/articles/3" for 127.0.0.1 at 2014-05-16 13:04:34 -0700
Processing by ArticlesController#show as HTML
  Parameters: {"id"=>"3"}
  [1m[36mArticle Load (0.1ms)[0m  [1mSELECT  "articles".* FROM "articles"  WHERE "articles"."id" = ? LIMIT 1[0m  [["id", 3]]
  Rendered articles/show.html.erb within layouts/application (0.3ms)
Completed 200 OK in 6ms (Views: 4.5ms | ActiveRecord: 0.1ms)


Started GET "/articles/3/edit" for 127.0.0.1 at 2014-05-16 13:04:39 -0700
Processing by ArticlesController#edit as HTML
  Parameters: {"id"=>"3"}
  [1m[35mArticle Load (0.1ms)[0m  SELECT  "articles".* FROM "articles"  WHERE "articles"."id" = ? LIMIT 1  [["id", 3]]
  Rendered articles/edit.html.erb within layouts/application (2.0ms)
Completed 200 OK in 7ms (Views: 5.7ms | ActiveRecord: 0.1ms)


Started PATCH "/articles/3" for 127.0.0.1 at 2014-05-16 13:05:01 -0700
Processing by ArticlesController#update as HTML
  Parameters: {"utf8"=>"✓", "authenticity_token"=>"l92u+p1M+BE4a3ajb6PaMxbFR/0K9NFLE7UvDFmjQs4=", "article"=>{"title"=>"test 4", "text"=>"this is another article that has been edited\r\n"}, "commit"=>"Save Article", "id"=>"3"}
  [1m[36mArticle Load (0.1ms)[0m  [1mSELECT  "articles".* FROM "articles"  WHERE "articles"."id" = ? LIMIT 1[0m  [["id", 3]]
  [1m[35m (0.1ms)[0m  begin transaction
  [1m[36mSQL (0.6ms)[0m  [1mUPDATE "articles" SET "text" = ?, "updated_at" = ? WHERE "articles"."id" = 3[0m  [["text", "this is another article that has been edited\r\n"], ["updated_at", "2014-05-16 20:05:01.143357"]]
  [1m[35m (1.0ms)[0m  commit transaction
Redirected to http://localhost:3000/articles/3
Completed 302 Found in 5ms (ActiveRecord: 1.8ms)


Started GET "/articles/3" for 127.0.0.1 at 2014-05-16 13:05:01 -0700
Processing by ArticlesController#show as HTML
  Parameters: {"id"=>"3"}
  [1m[36mArticle Load (0.1ms)[0m  [1mSELECT  "articles".* FROM "articles"  WHERE "articles"."id" = ? LIMIT 1[0m  [["id", 3]]
  Rendered articles/show.html.erb within layouts/application (0.3ms)
Completed 200 OK in 6ms (Views: 4.6ms | ActiveRecord: 0.1ms)


Started GET "/assets/jquery.js?body=1" for 127.0.0.1 at 2014-05-16 13:05:01 -0700


Started GET "/assets/articles.css?body=1" for 127.0.0.1 at 2014-05-16 13:05:01 -0700


Started GET "/assets/application.css?body=1" for 127.0.0.1 at 2014-05-16 13:05:01 -0700


Started GET "/assets/turbolinks.js?body=1" for 127.0.0.1 at 2014-05-16 13:05:01 -0700


Started GET "/assets/welcome.css?body=1" for 127.0.0.1 at 2014-05-16 13:05:01 -0700


Started GET "/assets/jquery_ujs.js?body=1" for 127.0.0.1 at 2014-05-16 13:05:01 -0700


Started GET "/assets/articles.js?body=1" for 127.0.0.1 at 2014-05-16 13:05:01 -0700


Started GET "/assets/application.js?body=1" for 127.0.0.1 at 2014-05-16 13:05:01 -0700


Started GET "/assets/welcome.js?body=1" for 127.0.0.1 at 2014-05-16 13:05:01 -0700


Started GET "/articles" for 127.0.0.1 at 2014-05-16 13:05:05 -0700
Processing by ArticlesController#index as HTML
  [1m[35mArticle Load (0.1ms)[0m  SELECT "articles".* FROM "articles"
  Rendered articles/index.html.erb within layouts/application (1.2ms)
Completed 200 OK in 7ms (Views: 5.8ms | ActiveRecord: 0.1ms)


Started GET "/articles" for 127.0.0.1 at 2014-05-16 13:12:37 -0700
Processing by ArticlesController#index as HTML
  [1m[36mArticle Load (0.2ms)[0m  [1mSELECT "articles".* FROM "articles"[0m
  Rendered articles/index.html.erb within layouts/application (4.5ms)
Completed 200 OK in 11ms (Views: 8.7ms | ActiveRecord: 0.4ms)


Started GET "/assets/articles.css?body=1" for 127.0.0.1 at 2014-05-16 13:12:37 -0700


Started GET "/assets/welcome.css?body=1" for 127.0.0.1 at 2014-05-16 13:12:37 -0700


Started GET "/assets/application.css?body=1" for 127.0.0.1 at 2014-05-16 13:12:37 -0700


Started GET "/assets/jquery.js?body=1" for 127.0.0.1 at 2014-05-16 13:12:37 -0700


Started GET "/assets/articles.js?body=1" for 127.0.0.1 at 2014-05-16 13:12:37 -0700


Started GET "/assets/turbolinks.js?body=1" for 127.0.0.1 at 2014-05-16 13:12:37 -0700


Started GET "/assets/jquery_ujs.js?body=1" for 127.0.0.1 at 2014-05-16 13:12:37 -0700


Started GET "/assets/welcome.js?body=1" for 127.0.0.1 at 2014-05-16 13:12:37 -0700


Started GET "/assets/application.js?body=1" for 127.0.0.1 at 2014-05-16 13:12:37 -0700


Started GET "/articles" for 127.0.0.1 at 2014-05-16 13:12:39 -0700
Processing by ArticlesController#index as HTML
  [1m[35mArticle Load (0.1ms)[0m  SELECT "articles".* FROM "articles"
  Rendered articles/index.html.erb within layouts/application (1.2ms)
Completed 200 OK in 5ms (Views: 4.6ms | ActiveRecord: 0.1ms)


Started GET "/assets/articles.css?body=1" for 127.0.0.1 at 2014-05-16 13:12:39 -0700


Started GET "/assets/application.css?body=1" for 127.0.0.1 at 2014-05-16 13:12:39 -0700


Started GET "/assets/jquery.js?body=1" for 127.0.0.1 at 2014-05-16 13:12:39 -0700


Started GET "/assets/jquery_ujs.js?body=1" for 127.0.0.1 at 2014-05-16 13:12:39 -0700


Started GET "/assets/articles.js?body=1" for 127.0.0.1 at 2014-05-16 13:12:39 -0700


Started GET "/assets/turbolinks.js?body=1" for 127.0.0.1 at 2014-05-16 13:12:39 -0700


Started GET "/assets/welcome.css?body=1" for 127.0.0.1 at 2014-05-16 13:12:39 -0700


Started GET "/assets/welcome.js?body=1" for 127.0.0.1 at 2014-05-16 13:12:39 -0700


Started GET "/assets/application.js?body=1" for 127.0.0.1 at 2014-05-16 13:12:39 -0700


Started GET "/articles/1/edit" for 127.0.0.1 at 2014-05-16 13:12:43 -0700
Processing by ArticlesController#edit as HTML
  Parameters: {"id"=>"1"}
  [1m[36mArticle Load (0.1ms)[0m  [1mSELECT  "articles".* FROM "articles"  WHERE "articles"."id" = ? LIMIT 1[0m  [["id", 1]]
  Rendered articles/_form.html.erb (2.7ms)
  Rendered articles/edit.html.erb within layouts/application (3.8ms)
Completed 200 OK in 10ms (Views: 8.9ms | ActiveRecord: 0.1ms)


Started PATCH "/articles/1" for 127.0.0.1 at 2014-05-16 13:12:50 -0700
Processing by ArticlesController#update as HTML
  Parameters: {"utf8"=>"✓", "authenticity_token"=>"l92u+p1M+BE4a3ajb6PaMxbFR/0K9NFLE7UvDFmjQs4=", "article"=>{"title"=>"testing", "text"=>"testing text update"}, "commit"=>"Update Article", "id"=>"1"}
  [1m[35mArticle Load (0.1ms)[0m  SELECT  "articles".* FROM "articles"  WHERE "articles"."id" = ? LIMIT 1  [["id", 1]]
  [1m[36m (0.1ms)[0m  [1mbegin transaction[0m
  [1m[35mSQL (0.2ms)[0m  UPDATE "articles" SET "text" = ?, "updated_at" = ? WHERE "articles"."id" = 1  [["text", "testing text update"], ["updated_at", "2014-05-16 20:12:50.138006"]]
  [1m[36m (1.1ms)[0m  [1mcommit transaction[0m
Redirected to http://localhost:3000/articles/1
Completed 302 Found in 5ms (ActiveRecord: 1.5ms)


Started GET "/articles/1" for 127.0.0.1 at 2014-05-16 13:12:50 -0700
Processing by ArticlesController#show as HTML
  Parameters: {"id"=>"1"}
  [1m[35mArticle Load (0.1ms)[0m  SELECT  "articles".* FROM "articles"  WHERE "articles"."id" = ? LIMIT 1  [["id", 1]]
  Rendered articles/show.html.erb within layouts/application (0.7ms)
Completed 200 OK in 5ms (Views: 3.9ms | ActiveRecord: 0.1ms)


Started GET "/assets/articles.css?body=1" for 127.0.0.1 at 2014-05-16 13:12:50 -0700


Started GET "/assets/jquery.js?body=1" for 127.0.0.1 at 2014-05-16 13:12:50 -0700


Started GET "/assets/turbolinks.js?body=1" for 127.0.0.1 at 2014-05-16 13:12:50 -0700


Started GET "/assets/welcome.css?body=1" for 127.0.0.1 at 2014-05-16 13:12:50 -0700


Started GET "/assets/application.css?body=1" for 127.0.0.1 at 2014-05-16 13:12:50 -0700


Started GET "/assets/jquery_ujs.js?body=1" for 127.0.0.1 at 2014-05-16 13:12:50 -0700


Started GET "/assets/articles.js?body=1" for 127.0.0.1 at 2014-05-16 13:12:50 -0700


Started GET "/assets/welcome.js?body=1" for 127.0.0.1 at 2014-05-16 13:12:50 -0700


Started GET "/assets/application.js?body=1" for 127.0.0.1 at 2014-05-16 13:12:50 -0700


Started GET "/articles" for 127.0.0.1 at 2014-05-16 13:12:52 -0700
Processing by ArticlesController#index as HTML
  [1m[36mArticle Load (0.2ms)[0m  [1mSELECT "articles".* FROM "articles"[0m
  Rendered articles/index.html.erb within layouts/application (2.4ms)
Completed 200 OK in 7ms (Views: 6.6ms | ActiveRecord: 0.2ms)


Started GET "/articles/4" for 127.0.0.1 at 2014-05-16 13:13:01 -0700
Processing by ArticlesController#show as HTML
  Parameters: {"id"=>"4"}
  [1m[35mArticle Load (0.1ms)[0m  SELECT  "articles".* FROM "articles"  WHERE "articles"."id" = ? LIMIT 1  [["id", 4]]
  Rendered articles/show.html.erb within layouts/application (0.8ms)
Completed 200 OK in 6ms (Views: 4.6ms | ActiveRecord: 0.1ms)


Started GET "/articles/4/edit" for 127.0.0.1 at 2014-05-16 13:13:05 -0700
Processing by ArticlesController#edit as HTML
  Parameters: {"id"=>"4"}
  [1m[36mArticle Load (0.1ms)[0m  [1mSELECT  "articles".* FROM "articles"  WHERE "articles"."id" = ? LIMIT 1[0m  [["id", 4]]
  Rendered articles/_form.html.erb (2.3ms)
  Rendered articles/edit.html.erb within layouts/application (3.1ms)
Completed 200 OK in 51ms (Views: 49.7ms | ActiveRecord: 0.1ms)


Started PATCH "/articles/4" for 127.0.0.1 at 2014-05-16 13:13:24 -0700
Processing by ArticlesController#update as HTML
  Parameters: {"utf8"=>"✓", "authenticity_token"=>"l92u+p1M+BE4a3ajb6PaMxbFR/0K9NFLE7UvDFmjQs4=", "article"=>{"title"=>"thingamobob", "text"=>"text, title, and slight edits."}, "commit"=>"Update Article", "id"=>"4"}
  [1m[35mArticle Load (0.2ms)[0m  SELECT  "articles".* FROM "articles"  WHERE "articles"."id" = ? LIMIT 1  [["id", 4]]
  [1m[36m (0.1ms)[0m  [1mbegin transaction[0m
  [1m[35mSQL (0.3ms)[0m  UPDATE "articles" SET "text" = ?, "updated_at" = ? WHERE "articles"."id" = 4  [["text", "text, title, and slight edits."], ["updated_at", "2014-05-16 20:13:24.546210"]]
  [1m[36m (1.0ms)[0m  [1mcommit transaction[0m
Redirected to http://localhost:3000/articles/4
Completed 302 Found in 5ms (ActiveRecord: 1.5ms)


Started GET "/articles/4" for 127.0.0.1 at 2014-05-16 13:13:24 -0700
Processing by ArticlesController#show as HTML
  Parameters: {"id"=>"4"}
  [1m[35mArticle Load (0.1ms)[0m  SELECT  "articles".* FROM "articles"  WHERE "articles"."id" = ? LIMIT 1  [["id", 4]]
  Rendered articles/show.html.erb within layouts/application (0.3ms)
Completed 200 OK in 5ms (Views: 3.9ms | ActiveRecord: 0.1ms)


Started GET "/assets/welcome.css?body=1" for 127.0.0.1 at 2014-05-16 13:13:24 -0700


Started GET "/assets/articles.css?body=1" for 127.0.0.1 at 2014-05-16 13:13:24 -0700


Started GET "/assets/application.css?body=1" for 127.0.0.1 at 2014-05-16 13:13:24 -0700


Started GET "/assets/articles.js?body=1" for 127.0.0.1 at 2014-05-16 13:13:24 -0700


Started GET "/assets/jquery.js?body=1" for 127.0.0.1 at 2014-05-16 13:13:24 -0700


Started GET "/assets/turbolinks.js?body=1" for 127.0.0.1 at 2014-05-16 13:13:24 -0700


Started GET "/assets/welcome.js?body=1" for 127.0.0.1 at 2014-05-16 13:13:24 -0700


Started GET "/assets/jquery_ujs.js?body=1" for 127.0.0.1 at 2014-05-16 13:13:24 -0700


Started GET "/assets/application.js?body=1" for 127.0.0.1 at 2014-05-16 13:13:24 -0700


Started GET "/articles" for 127.0.0.1 at 2014-05-16 13:13:26 -0700
Processing by ArticlesController#index as HTML
  [1m[36mArticle Load (0.1ms)[0m  [1mSELECT "articles".* FROM "articles"[0m
  Rendered articles/index.html.erb within layouts/application (1.1ms)
Completed 200 OK in 6ms (Views: 5.6ms | ActiveRecord: 0.1ms)


Started GET "/articles" for 127.0.0.1 at 2014-05-16 13:22:21 -0700
Processing by ArticlesController#index as HTML
  [1m[35mArticle Load (0.1ms)[0m  SELECT "articles".* FROM "articles"
  Rendered articles/index.html.erb within layouts/application (2.1ms)
Completed 200 OK in 6ms (Views: 5.0ms | ActiveRecord: 0.1ms)


Started GET "/assets/articles.css?body=1" for 127.0.0.1 at 2014-05-16 13:22:21 -0700


Started GET "/assets/welcome.css?body=1" for 127.0.0.1 at 2014-05-16 13:22:21 -0700


Started GET "/assets/application.css?body=1" for 127.0.0.1 at 2014-05-16 13:22:21 -0700


Started GET "/assets/turbolinks.js?body=1" for 127.0.0.1 at 2014-05-16 13:22:21 -0700


Started GET "/assets/articles.js?body=1" for 127.0.0.1 at 2014-05-16 13:22:21 -0700


Started GET "/assets/jquery_ujs.js?body=1" for 127.0.0.1 at 2014-05-16 13:22:21 -0700


Started GET "/assets/jquery.js?body=1" for 127.0.0.1 at 2014-05-16 13:22:21 -0700


Started GET "/assets/welcome.js?body=1" for 127.0.0.1 at 2014-05-16 13:22:21 -0700


Started GET "/assets/application.js?body=1" for 127.0.0.1 at 2014-05-16 13:22:21 -0700


Started DELETE "/articles/4" for 127.0.0.1 at 2014-05-16 13:22:33 -0700

AbstractController::ActionNotFound (The action 'destroy' could not be found for ArticlesController):
  actionpack (4.1.1) lib/abstract_controller/base.rb:131:in `process'
  actionview (4.1.1) lib/action_view/rendering.rb:30:in `process'
  actionpack (4.1.1) lib/action_controller/metal.rb:195:in `dispatch'
  actionpack (4.1.1) lib/action_controller/metal/rack_delegation.rb:13:in `dispatch'
  actionpack (4.1.1) lib/action_controller/metal.rb:231:in `block in action'
  actionpack (4.1.1) lib/action_dispatch/routing/route_set.rb:80:in `call'
  actionpack (4.1.1) lib/action_dispatch/routing/route_set.rb:80:in `dispatch'
  actionpack (4.1.1) lib/action_dispatch/routing/route_set.rb:48:in `call'
  actionpack (4.1.1) lib/action_dispatch/journey/router.rb:71:in `block in call'
  actionpack (4.1.1) lib/action_dispatch/journey/router.rb:59:in `each'
  actionpack (4.1.1) lib/action_dispatch/journey/router.rb:59:in `call'
  actionpack (4.1.1) lib/action_dispatch/routing/route_set.rb:676:in `call'
  rack (1.5.2) lib/rack/etag.rb:23:in `call'
  rack (1.5.2) lib/rack/conditionalget.rb:35:in `call'
  rack (1.5.2) lib/rack/head.rb:11:in `call'
  actionpack (4.1.1) lib/action_dispatch/middleware/params_parser.rb:27:in `call'
  actionpack (4.1.1) lib/action_dispatch/middleware/flash.rb:254:in `call'
  rack (1.5.2) lib/rack/session/abstract/id.rb:225:in `context'
  rack (1.5.2) lib/rack/session/abstract/id.rb:220:in `call'
  actionpack (4.1.1) lib/action_dispatch/middleware/cookies.rb:560:in `call'
  activerecord (4.1.1) lib/active_record/query_cache.rb:36:in `call'
  activerecord (4.1.1) lib/active_record/connection_adapters/abstract/connection_pool.rb:621:in `call'
  activerecord (4.1.1) lib/active_record/migration.rb:380:in `call'
  actionpack (4.1.1) lib/action_dispatch/middleware/callbacks.rb:29:in `block in call'
  activesupport (4.1.1) lib/active_support/callbacks.rb:82:in `run_callbacks'
  actionpack (4.1.1) lib/action_dispatch/middleware/callbacks.rb:27:in `call'
  actionpack (4.1.1) lib/action_dispatch/middleware/reloader.rb:73:in `call'
  actionpack (4.1.1) lib/action_dispatch/middleware/remote_ip.rb:76:in `call'
  actionpack (4.1.1) lib/action_dispatch/middleware/debug_exceptions.rb:17:in `call'
  actionpack (4.1.1) lib/action_dispatch/middleware/show_exceptions.rb:30:in `call'
  railties (4.1.1) lib/rails/rack/logger.rb:38:in `call_app'
  railties (4.1.1) lib/rails/rack/logger.rb:20:in `block in call'
  activesupport (4.1.1) lib/active_support/tagged_logging.rb:68:in `block in tagged'
  activesupport (4.1.1) lib/active_support/tagged_logging.rb:26:in `tagged'
  activesupport (4.1.1) lib/active_support/tagged_logging.rb:68:in `tagged'
  railties (4.1.1) lib/rails/rack/logger.rb:20:in `call'
  actionpack (4.1.1) lib/action_dispatch/middleware/request_id.rb:21:in `call'
  rack (1.5.2) lib/rack/methodoverride.rb:21:in `call'
  rack (1.5.2) lib/rack/runtime.rb:17:in `call'
  activesupport (4.1.1) lib/active_support/cache/strategy/local_cache_middleware.rb:26:in `call'
  rack (1.5.2) lib/rack/lock.rb:17:in `call'
  actionpack (4.1.1) lib/action_dispatch/middleware/static.rb:64:in `call'
  rack (1.5.2) lib/rack/sendfile.rb:112:in `call'
  railties (4.1.1) lib/rails/engine.rb:514:in `call'
  railties (4.1.1) lib/rails/application.rb:144:in `call'
  rack (1.5.2) lib/rack/lock.rb:17:in `call'
  rack (1.5.2) lib/rack/content_length.rb:14:in `call'
  rack (1.5.2) lib/rack/handler/webrick.rb:60:in `service'
  /Users/nick.hanley/.rvm/rubies/ruby-2.0.0-p451/lib/ruby/2.0.0/webrick/httpserver.rb:138:in `service'
  /Users/nick.hanley/.rvm/rubies/ruby-2.0.0-p451/lib/ruby/2.0.0/webrick/httpserver.rb:94:in `run'
  /Users/nick.hanley/.rvm/rubies/ruby-2.0.0-p451/lib/ruby/2.0.0/webrick/server.rb:295:in `block in start_thread'


  Rendered /Users/nick.hanley/.rvm/gems/ruby-2.0.0-p451/gems/actionpack-4.1.1/lib/action_dispatch/middleware/templates/rescues/unknown_action.html.erb within rescues/layout (0.6ms)


Started DELETE "/articles/4" for 127.0.0.1 at 2014-05-16 13:22:50 -0700
Processing by ArticlesController#destroy as HTML
  Parameters: {"authenticity_token"=>"l92u+p1M+BE4a3ajb6PaMxbFR/0K9NFLE7UvDFmjQs4=", "id"=>"4"}
  [1m[36mArticle Load (0.1ms)[0m  [1mSELECT  "articles".* FROM "articles"  WHERE "articles"."id" = ? LIMIT 1[0m  [["id", 4]]
  [1m[35m (0.0ms)[0m  begin transaction
  [1m[36mSQL (0.2ms)[0m  [1mDELETE FROM "articles" WHERE "articles"."id" = ?[0m  [["id", 4]]
  [1m[35m (1.0ms)[0m  commit transaction
Redirected to http://localhost:3000/articles
Completed 302 Found in 5ms (ActiveRecord: 1.7ms)


Started GET "/articles" for 127.0.0.1 at 2014-05-16 13:22:51 -0700
Processing by ArticlesController#index as HTML
  [1m[36mArticle Load (0.2ms)[0m  [1mSELECT "articles".* FROM "articles"[0m
  Rendered articles/index.html.erb within layouts/application (4.0ms)
Completed 200 OK in 8ms (Views: 7.5ms | ActiveRecord: 0.2ms)


Started GET "/assets/articles.css?body=1" for 127.0.0.1 at 2014-05-16 13:22:51 -0700


Started GET "/assets/jquery.js?body=1" for 127.0.0.1 at 2014-05-16 13:22:51 -0700


Started GET "/assets/welcome.css?body=1" for 127.0.0.1 at 2014-05-16 13:22:51 -0700


Started GET "/assets/application.css?body=1" for 127.0.0.1 at 2014-05-16 13:22:51 -0700


Started GET "/assets/jquery_ujs.js?body=1" for 127.0.0.1 at 2014-05-16 13:22:51 -0700


Started GET "/assets/turbolinks.js?body=1" for 127.0.0.1 at 2014-05-16 13:22:51 -0700


Started GET "/assets/articles.js?body=1" for 127.0.0.1 at 2014-05-16 13:22:51 -0700


Started GET "/assets/welcome.js?body=1" for 127.0.0.1 at 2014-05-16 13:22:51 -0700


Started GET "/assets/application.js?body=1" for 127.0.0.1 at 2014-05-16 13:22:51 -0700


Started GET "/articles/2/edit" for 127.0.0.1 at 2014-05-16 13:23:01 -0700
Processing by ArticlesController#edit as HTML
  Parameters: {"id"=>"2"}
  [1m[35mArticle Load (0.1ms)[0m  SELECT  "articles".* FROM "articles"  WHERE "articles"."id" = ? LIMIT 1  [["id", 2]]
  Rendered articles/_form.html.erb (2.5ms)
  Rendered articles/edit.html.erb within layouts/application (3.3ms)
Completed 200 OK in 9ms (Views: 7.2ms | ActiveRecord: 0.1ms)


Started PATCH "/articles/2" for 127.0.0.1 at 2014-05-16 13:23:04 -0700
Processing by ArticlesController#update as HTML
  Parameters: {"utf8"=>"✓", "authenticity_token"=>"l92u+p1M+BE4a3ajb6PaMxbFR/0K9NFLE7UvDFmjQs4=", "article"=>{"title"=>"Ruby and Rails are nice", "text"=>"This seems to be going fairly well, I am beginning the journey on the path of rails -  and thats not a route joke, well, maybe it is."}, "commit"=>"Update Article", "id"=>"2"}
  [1m[36mArticle Load (0.1ms)[0m  [1mSELECT  "articles".* FROM "articles"  WHERE "articles"."id" = ? LIMIT 1[0m  [["id", 2]]
  [1m[35m (0.1ms)[0m  begin transaction
  [1m[36m (0.0ms)[0m  [1mcommit transaction[0m
Redirected to http://localhost:3000/articles/2
Completed 302 Found in 3ms (ActiveRecord: 0.2ms)


Started GET "/articles/2" for 127.0.0.1 at 2014-05-16 13:23:04 -0700
Processing by ArticlesController#show as HTML
  Parameters: {"id"=>"2"}
  [1m[35mArticle Load (0.1ms)[0m  SELECT  "articles".* FROM "articles"  WHERE "articles"."id" = ? LIMIT 1  [["id", 2]]
  Rendered articles/show.html.erb within layouts/application (0.2ms)
Completed 200 OK in 4ms (Views: 3.2ms | ActiveRecord: 0.1ms)


Started GET "/assets/articles.css?body=1" for 127.0.0.1 at 2014-05-16 13:23:04 -0700


Started GET "/assets/welcome.css?body=1" for 127.0.0.1 at 2014-05-16 13:23:04 -0700


Started GET "/assets/turbolinks.js?body=1" for 127.0.0.1 at 2014-05-16 13:23:04 -0700


Started GET "/assets/jquery.js?body=1" for 127.0.0.1 at 2014-05-16 13:23:04 -0700


Started GET "/assets/application.css?body=1" for 127.0.0.1 at 2014-05-16 13:23:04 -0700


Started GET "/assets/jquery_ujs.js?body=1" for 127.0.0.1 at 2014-05-16 13:23:04 -0700


Started GET "/assets/articles.js?body=1" for 127.0.0.1 at 2014-05-16 13:23:04 -0700


Started GET "/assets/application.js?body=1" for 127.0.0.1 at 2014-05-16 13:23:04 -0700


Started GET "/assets/welcome.js?body=1" for 127.0.0.1 at 2014-05-16 13:23:04 -0700


Started GET "/articles" for 127.0.0.1 at 2014-05-16 13:23:08 -0700
Processing by ArticlesController#index as HTML
  [1m[36mArticle Load (0.2ms)[0m  [1mSELECT "articles".* FROM "articles"[0m
  Rendered articles/index.html.erb within layouts/application (2.3ms)
Completed 200 OK in 39ms (Views: 38.4ms | ActiveRecord: 0.2ms)


Started DELETE "/articles/2" for 127.0.0.1 at 2014-05-16 13:23:19 -0700
Processing by ArticlesController#destroy as HTML
  Parameters: {"authenticity_token"=>"l92u+p1M+BE4a3ajb6PaMxbFR/0K9NFLE7UvDFmjQs4=", "id"=>"2"}
  [1m[35mArticle Load (0.1ms)[0m  SELECT  "articles".* FROM "articles"  WHERE "articles"."id" = ? LIMIT 1  [["id", 2]]
  [1m[36m (0.1ms)[0m  [1mbegin transaction[0m
  [1m[35mSQL (0.2ms)[0m  DELETE FROM "articles" WHERE "articles"."id" = ?  [["id", 2]]
  [1m[36m (1.0ms)[0m  [1mcommit transaction[0m
Redirected to http://localhost:3000/articles
Completed 302 Found in 3ms (ActiveRecord: 1.3ms)


Started GET "/articles" for 127.0.0.1 at 2014-05-16 13:23:19 -0700
Processing by ArticlesController#index as HTML
  [1m[35mArticle Load (0.1ms)[0m  SELECT "articles".* FROM "articles"
  Rendered articles/index.html.erb within layouts/application (1.3ms)
Completed 200 OK in 5ms (Views: 4.6ms | ActiveRecord: 0.1ms)


Started GET "/assets/welcome.css?body=1" for 127.0.0.1 at 2014-05-16 13:23:19 -0700


Started GET "/assets/application.css?body=1" for 127.0.0.1 at 2014-05-16 13:23:19 -0700


Started GET "/assets/jquery_ujs.js?body=1" for 127.0.0.1 at 2014-05-16 13:23:19 -0700


Started GET "/assets/jquery.js?body=1" for 127.0.0.1 at 2014-05-16 13:23:19 -0700


Started GET "/assets/articles.css?body=1" for 127.0.0.1 at 2014-05-16 13:23:19 -0700


Started GET "/assets/turbolinks.js?body=1" for 127.0.0.1 at 2014-05-16 13:23:19 -0700


Started GET "/assets/articles.js?body=1" for 127.0.0.1 at 2014-05-16 13:23:19 -0700


Started GET "/assets/welcome.js?body=1" for 127.0.0.1 at 2014-05-16 13:23:19 -0700


Started GET "/assets/application.js?body=1" for 127.0.0.1 at 2014-05-16 13:23:19 -0700


Started GET "/articles/new" for 127.0.0.1 at 2014-05-16 13:24:23 -0700
Processing by ArticlesController#new as HTML
  Rendered articles/_form.html.erb (2.3ms)
  Rendered articles/new.html.erb within layouts/application (3.4ms)
Completed 200 OK in 7ms (Views: 6.8ms | ActiveRecord: 0.0ms)


Started GET "/assets/articles.css?body=1" for 127.0.0.1 at 2014-05-16 13:24:23 -0700


Started GET "/assets/welcome.css?body=1" for 127.0.0.1 at 2014-05-16 13:24:23 -0700


Started GET "/assets/articles.js?body=1" for 127.0.0.1 at 2014-05-16 13:24:23 -0700


Started GET "/assets/application.css?body=1" for 127.0.0.1 at 2014-05-16 13:24:23 -0700


Started GET "/assets/jquery.js?body=1" for 127.0.0.1 at 2014-05-16 13:24:23 -0700


Started GET "/assets/welcome.js?body=1" for 127.0.0.1 at 2014-05-16 13:24:23 -0700


Started GET "/assets/jquery_ujs.js?body=1" for 127.0.0.1 at 2014-05-16 13:24:23 -0700


Started GET "/assets/turbolinks.js?body=1" for 127.0.0.1 at 2014-05-16 13:24:23 -0700


Started GET "/assets/application.js?body=1" for 127.0.0.1 at 2014-05-16 13:24:23 -0700


Started GET "/articles" for 127.0.0.1 at 2014-05-16 14:06:27 -0700
  [1m[36mActiveRecord::SchemaMigration Load (0.1ms)[0m  [1mSELECT "schema_migrations".* FROM "schema_migrations"[0m
Processing by ArticlesController#index as HTML
  [1m[35mArticle Load (0.1ms)[0m  SELECT "articles".* FROM "articles"
  Rendered articles/index.html.erb within layouts/application (5.0ms)
Completed 200 OK in 44ms (Views: 33.3ms | ActiveRecord: 0.3ms)


Started GET "/assets/articles.css?body=1" for 127.0.0.1 at 2014-05-16 14:06:27 -0700


Started GET "/assets/jquery_ujs.js?body=1" for 127.0.0.1 at 2014-05-16 14:06:27 -0700


Started GET "/assets/jquery.js?body=1" for 127.0.0.1 at 2014-05-16 14:06:27 -0700


Started GET "/assets/turbolinks.js?body=1" for 127.0.0.1 at 2014-05-16 14:06:27 -0700


Started GET "/assets/welcome.css?body=1" for 127.0.0.1 at 2014-05-16 14:06:27 -0700


Started GET "/assets/application.css?body=1" for 127.0.0.1 at 2014-05-16 14:06:27 -0700


Started GET "/assets/articles.js?body=1" for 127.0.0.1 at 2014-05-16 14:06:27 -0700


Started GET "/assets/welcome.js?body=1" for 127.0.0.1 at 2014-05-16 14:06:27 -0700


Started GET "/assets/application.js?body=1" for 127.0.0.1 at 2014-05-16 14:06:27 -0700
